[debug] [2020-12-08T18:40:47.772Z] ----------------------------------------------------------------------
[debug] [2020-12-08T18:40:47.774Z] Command:       /Users/syed/.nvm/versions/node/v12.0.0/bin/node /Users/syed/.nvm/versions/node/v12.0.0/bin/firebase emulators:start
[debug] [2020-12-08T18:40:47.774Z] CLI Version:   8.16.2
[debug] [2020-12-08T18:40:47.774Z] Platform:      darwin
[debug] [2020-12-08T18:40:47.774Z] Node Version:  v12.0.0
[debug] [2020-12-08T18:40:47.775Z] Time:          Tue Dec 08 2020 13:40:47 GMT-0500 (Eastern Standard Time)
[debug] [2020-12-08T18:40:47.775Z] ----------------------------------------------------------------------
[debug] [2020-12-08T18:40:47.775Z] 
[debug] [2020-12-08T18:40:47.787Z] > command requires scopes: ["email","openid","https://www.googleapis.com/auth/cloudplatformprojects.readonly","https://www.googleapis.com/auth/firebase","https://www.googleapis.com/auth/cloud-platform"]
[debug] [2020-12-08T18:40:47.787Z] > authorizing via signed-in user
[info] i  emulators: Starting emulators: functions, hosting {"metadata":{"emulator":{"name":"hub"},"message":"Starting emulators: functions, hosting"}}
[warn] ⚠  emulators: It seems that you are running multiple instances of the emulator suite for project clone-4b9f3. This may result in unexpected behavior. 
[debug] [2020-12-08T18:40:47.810Z] [hub] writing locator at /var/folders/1n/b917k9jx3sv7w5cy50hhyycw0000gn/T/hub-clone-4b9f3.json
[warn] ⚠  functions: The following emulators are not running, calls to these services from the Functions emulator will affect production: auth, firestore, database, pubsub {"metadata":{"emulator":{"name":"functions"},"message":"The following emulators are not running, calls to these services from the Functions emulator will affect production: \u001b[1mauth, firestore, database, pubsub\u001b[22m"}}
[info] ✔  functions: Using node@12 from host. {"metadata":{"emulator":{"name":"functions"},"message":"Using node@12 from host."}}
[debug] [2020-12-08T18:40:47.827Z] defaultcredentials: writing to file /Users/syed/.config/firebase/mehdisyed3_gmail_com_application_default_credentials.json
[debug] [2020-12-08T18:40:47.829Z] Setting GAC to /Users/syed/.config/firebase/mehdisyed3_gmail_com_application_default_credentials.json {"metadata":{"emulator":{"name":"functions"},"message":"Setting GAC to /Users/syed/.config/firebase/mehdisyed3_gmail_com_application_default_credentials.json"}}
[debug] [2020-12-08T18:40:47.840Z] >>> HTTP REQUEST GET https://firebase.googleapis.com/v1beta1/projects/clone-4b9f3/webApps/-/config  
 
[debug] [2020-12-08T18:40:48.208Z] <<< HTTP RESPONSE 200 {"content-type":"application/json; charset=UTF-8","vary":"X-Origin, Referer, Origin,Accept-Encoding","date":"Tue, 08 Dec 2020 18:40:48 GMT","server":"ESF","cache-control":"private","x-xss-protection":"0","x-frame-options":"SAMEORIGIN","x-content-type-options":"nosniff","alt-svc":"h3-29=\":443\"; ma=2592000,h3-T051=\":443\"; ma=2592000,h3-Q050=\":443\"; ma=2592000,h3-Q046=\":443\"; ma=2592000,h3-Q043=\":443\"; ma=2592000,quic=\":443\"; ma=2592000; v=\"46,43\"","accept-ranges":"none","transfer-encoding":"chunked"}
[info] i  hosting: Serving hosting files from: build {"metadata":{"emulator":{"name":"hosting"},"message":"Serving hosting files from: \u001b[1mbuild\u001b[22m"}}
[info] ✔  hosting: Local server: http://localhost:5000 {"metadata":{"emulator":{"name":"hosting"},"message":"Local server: \u001b[4m\u001b[1mhttp://localhost:5000\u001b[22m\u001b[24m"}}
[warn] ⚠  ui: Emulator UI unable to start on port 4000, starting on 4001 instead. {"metadata":{"emulator":{"name":"ui"},"message":"Emulator UI unable to start on port 4000, starting on 4001 instead."}}
[debug] [2020-12-08T18:40:48.507Z] Ignoring unsupported arg: auto_download {"metadata":{"emulator":{"name":"ui"},"message":"Ignoring unsupported arg: auto_download"}}
[debug] [2020-12-08T18:40:48.507Z] Ignoring unsupported arg: port {"metadata":{"emulator":{"name":"ui"},"message":"Ignoring unsupported arg: port"}}
[debug] [2020-12-08T18:40:48.507Z] Starting Emulator UI with command {"binary":"node","args":["/Users/syed/.cache/firebase/emulators/ui-v1.2.2/server.bundle.js"],"optionalArgs":[],"joinArgs":false} {"metadata":{"emulator":{"name":"ui"},"message":"Starting Emulator UI with command {\"binary\":\"node\",\"args\":[\"/Users/syed/.cache/firebase/emulators/ui-v1.2.2/server.bundle.js\"],\"optionalArgs\":[],\"joinArgs\":false}"}}
[info] i  ui: Emulator UI logging to ui-debug.log {"metadata":{"emulator":{"name":"ui"},"message":"Emulator UI logging to \u001b[1mui-debug.log\u001b[22m"}}
[debug] [2020-12-08T18:40:48.615Z] Web / API server started at http://localhost:4001
 {"metadata":{"emulator":{"name":"ui"},"message":"Web / API server started at http://localhost:4001\n"}}
[info] i  functions: Watching "/Users/syed/Documents/Projects/amazon-clone/functions" for Cloud Functions... {"metadata":{"emulator":{"name":"functions"},"message":"Watching \"/Users/syed/Documents/Projects/amazon-clone/functions\" for Cloud Functions..."}}
[debug] [2020-12-08T18:40:48.776Z] [worker-pool] addWorker(~diagnostic~) {"metadata":{"emulator":{"name":"functions"},"message":"[worker-pool] addWorker(~diagnostic~)"}}
[debug] [2020-12-08T18:40:48.776Z] [worker-pool] Adding worker with key ~diagnostic~, total=1 {"metadata":{"emulator":{"name":"functions"},"message":"[worker-pool] Adding worker with key ~diagnostic~, total=1"}}
[debug] [2020-12-08T18:40:48.776Z] [worker-pool] submitWork(triggerId=) {"metadata":{"emulator":{"name":"functions"},"message":"[worker-pool] submitWork(triggerId=)"}}
[debug] [2020-12-08T18:40:48.777Z] [worker-~diagnostic~-522b9ebe-9236-4a8c-9d6c-33e7da20c88a]: Assigning socketPath: /var/folders/1n/b917k9jx3sv7w5cy50hhyycw0000gn/T/fire_emu_46994.sock {"metadata":{"emulator":{"name":"functions"},"message":"[worker-~diagnostic~-522b9ebe-9236-4a8c-9d6c-33e7da20c88a]: Assigning socketPath: /var/folders/1n/b917k9jx3sv7w5cy50hhyycw0000gn/T/fire_emu_46994.sock"}}
[debug] [2020-12-08T18:40:48.778Z] [worker-~diagnostic~-522b9ebe-9236-4a8c-9d6c-33e7da20c88a]: BUSY {"metadata":{"emulator":{"name":"functions"},"message":"[worker-~diagnostic~-522b9ebe-9236-4a8c-9d6c-33e7da20c88a]: BUSY"}}
[debug] [2020-12-08T18:40:49.011Z] [runtime-status] [46994] Functions runtime initialized. {"cwd":"/Users/syed/Documents/Projects/amazon-clone/functions","node_version":"12.0.0"} {"metadata":{"emulator":{"name":"functions"},"message":"[runtime-status] [46994] Functions runtime initialized. {\"cwd\":\"/Users/syed/Documents/Projects/amazon-clone/functions\",\"node_version\":\"12.0.0\"}"}}
[debug] [2020-12-08T18:40:49.012Z] [runtime-status] [46994] Disabled runtime features: undefined {"metadata":{"emulator":{"name":"functions"},"message":"[runtime-status] [46994] Disabled runtime features: undefined"}}
[debug] [2020-12-08T18:40:49.015Z] [runtime-status] [46994] Resolved module firebase-admin {"declared":true,"installed":true,"version":"9.4.1","resolution":"/Users/syed/Documents/Projects/amazon-clone/functions/node_modules/firebase-admin/lib/index.js"} {"metadata":{"emulator":{"name":"functions"},"message":"[runtime-status] [46994] Resolved module firebase-admin {\"declared\":true,\"installed\":true,\"version\":\"9.4.1\",\"resolution\":\"/Users/syed/Documents/Projects/amazon-clone/functions/node_modules/firebase-admin/lib/index.js\"}"}}
[debug] [2020-12-08T18:40:49.017Z] [runtime-status] [46994] Resolved module firebase-functions {"declared":true,"installed":true,"version":"3.13.0","resolution":"/Users/syed/Documents/Projects/amazon-clone/functions/node_modules/firebase-functions/lib/index.js"} {"metadata":{"emulator":{"name":"functions"},"message":"[runtime-status] [46994] Resolved module firebase-functions {\"declared\":true,\"installed\":true,\"version\":\"3.13.0\",\"resolution\":\"/Users/syed/Documents/Projects/amazon-clone/functions/node_modules/firebase-functions/lib/index.js\"}"}}
[debug] [2020-12-08T18:40:49.017Z] [runtime-status] [46994] Resolved module firebase-functions {"declared":true,"installed":true,"version":"3.13.0","resolution":"/Users/syed/Documents/Projects/amazon-clone/functions/node_modules/firebase-functions/lib/index.js"} {"metadata":{"emulator":{"name":"functions"},"message":"[runtime-status] [46994] Resolved module firebase-functions {\"declared\":true,\"installed\":true,\"version\":\"3.13.0\",\"resolution\":\"/Users/syed/Documents/Projects/amazon-clone/functions/node_modules/firebase-functions/lib/index.js\"}"}}
[debug] [2020-12-08T18:40:49.019Z] [runtime-status] [46994] Outgoing network have been stubbed. [{"name":"http","status":"mocked"},{"name":"http","status":"mocked"},{"name":"https","status":"mocked"},{"name":"https","status":"mocked"},{"name":"net","status":"mocked"}] {"metadata":{"emulator":{"name":"functions"},"message":"[runtime-status] [46994] Outgoing network have been stubbed. [{\"name\":\"http\",\"status\":\"mocked\"},{\"name\":\"http\",\"status\":\"mocked\"},{\"name\":\"https\",\"status\":\"mocked\"},{\"name\":\"https\",\"status\":\"mocked\"},{\"name\":\"net\",\"status\":\"mocked\"}]"}}
[debug] [2020-12-08T18:40:49.019Z] [runtime-status] [46994] Resolved module firebase-functions {"declared":true,"installed":true,"version":"3.13.0","resolution":"/Users/syed/Documents/Projects/amazon-clone/functions/node_modules/firebase-functions/lib/index.js"} {"metadata":{"emulator":{"name":"functions"},"message":"[runtime-status] [46994] Resolved module firebase-functions {\"declared\":true,\"installed\":true,\"version\":\"3.13.0\",\"resolution\":\"/Users/syed/Documents/Projects/amazon-clone/functions/node_modules/firebase-functions/lib/index.js\"}"}}
[debug] [2020-12-08T18:40:49.079Z] [runtime-status] [46994] Checked functions.config() {"config":{}} {"metadata":{"emulator":{"name":"functions"},"message":"[runtime-status] [46994] Checked functions.config() {\"config\":{}}"}}
[debug] [2020-12-08T18:40:49.080Z] [runtime-status] [46994] firebase-functions has been stubbed. {"functionsResolution":{"declared":true,"installed":true,"version":"3.13.0","resolution":"/Users/syed/Documents/Projects/amazon-clone/functions/node_modules/firebase-functions/lib/index.js"}} {"metadata":{"emulator":{"name":"functions"},"message":"[runtime-status] [46994] firebase-functions has been stubbed. {\"functionsResolution\":{\"declared\":true,\"installed\":true,\"version\":\"3.13.0\",\"resolution\":\"/Users/syed/Documents/Projects/amazon-clone/functions/node_modules/firebase-functions/lib/index.js\"}}"}}
[debug] [2020-12-08T18:40:49.080Z] [runtime-status] [46994] Resolved module firebase-functions {"declared":true,"installed":true,"version":"3.13.0","resolution":"/Users/syed/Documents/Projects/amazon-clone/functions/node_modules/firebase-functions/lib/index.js"} {"metadata":{"emulator":{"name":"functions"},"message":"[runtime-status] [46994] Resolved module firebase-functions {\"declared\":true,\"installed\":true,\"version\":\"3.13.0\",\"resolution\":\"/Users/syed/Documents/Projects/amazon-clone/functions/node_modules/firebase-functions/lib/index.js\"}"}}
[debug] [2020-12-08T18:40:49.081Z] [runtime-status] [46994] Resolved module firebase-admin {"declared":true,"installed":true,"version":"9.4.1","resolution":"/Users/syed/Documents/Projects/amazon-clone/functions/node_modules/firebase-admin/lib/index.js"} {"metadata":{"emulator":{"name":"functions"},"message":"[runtime-status] [46994] Resolved module firebase-admin {\"declared\":true,\"installed\":true,\"version\":\"9.4.1\",\"resolution\":\"/Users/syed/Documents/Projects/amazon-clone/functions/node_modules/firebase-admin/lib/index.js\"}"}}
[debug] [2020-12-08T18:40:49.081Z] [runtime-status] [46994] Resolved module firebase-functions {"declared":true,"installed":true,"version":"3.13.0","resolution":"/Users/syed/Documents/Projects/amazon-clone/functions/node_modules/firebase-functions/lib/index.js"} {"metadata":{"emulator":{"name":"functions"},"message":"[runtime-status] [46994] Resolved module firebase-functions {\"declared\":true,\"installed\":true,\"version\":\"3.13.0\",\"resolution\":\"/Users/syed/Documents/Projects/amazon-clone/functions/node_modules/firebase-functions/lib/index.js\"}"}}
[debug] [2020-12-08T18:40:49.081Z] [runtime-status] [46994] firebase-admin has been stubbed. {"adminResolution":{"declared":true,"installed":true,"version":"9.4.1","resolution":"/Users/syed/Documents/Projects/amazon-clone/functions/node_modules/firebase-admin/lib/index.js"}} {"metadata":{"emulator":{"name":"functions"},"message":"[runtime-status] [46994] firebase-admin has been stubbed. {\"adminResolution\":{\"declared\":true,\"installed\":true,\"version\":\"9.4.1\",\"resolution\":\"/Users/syed/Documents/Projects/amazon-clone/functions/node_modules/firebase-admin/lib/index.js\"}}"}}
[info] ✔  functions[api]: http function initialized (http://localhost:5001/clone-4b9f3/us-central1/api). {"metadata":{"emulator":{"name":"functions"},"message":"\u001b[1mhttp\u001b[22m function initialized (http://localhost:5001/clone-4b9f3/us-central1/api)."}}
[info] 
┌────────────────────────────────────────────────────────────────┐
│ ✔  All emulators ready! View status and logs at localhost:4001 │
└────────────────────────────────────────────────────────────────┘

┌───────────┬────────────────┬──────────────────────────┐
│ Emulator  │ Host:Port      │ View in Emulator UI      │
├───────────┼────────────────┼──────────────────────────┤
│ Functions │ localhost:5001 │ localhost:4001/functions │
├───────────┼────────────────┼──────────────────────────┤
│ Hosting   │ localhost:5000 │ n/a                      │
└───────────┴────────────────┴──────────────────────────┘
  Other reserved ports: 4400, 4500

Issues? Report them at https://github.com/firebase/firebase-tools/issues and attach the *-debug.log files.
 
[debug] [2020-12-08T18:40:49.277Z] [worker-~diagnostic~-522b9ebe-9236-4a8c-9d6c-33e7da20c88a]: IDLE {"metadata":{"emulator":{"name":"functions"},"message":"[worker-~diagnostic~-522b9ebe-9236-4a8c-9d6c-33e7da20c88a]: IDLE"}}
[debug] [2020-12-08T18:41:47.874Z] [work-queue] {"queueLength":1,"workRunningCount":0}
[debug] [2020-12-08T18:41:47.874Z] [work-queue] {"queueLength":0,"workRunningCount":1}
[debug] [2020-12-08T18:41:47.875Z] Accepted request GET /clone-4b9f3/us-central1/api --> api
[debug] [2020-12-08T18:41:47.882Z] [worker-pool] addWorker(api) {"metadata":{"emulator":{"name":"functions"},"message":"[worker-pool] addWorker(api)"}}
[debug] [2020-12-08T18:41:47.884Z] [worker-pool] Adding worker with key api, total=1 {"metadata":{"emulator":{"name":"functions"},"message":"[worker-pool] Adding worker with key api, total=1"}}
[debug] [2020-12-08T18:41:47.884Z] [worker-pool] submitWork(triggerId=api) {"metadata":{"emulator":{"name":"functions"},"message":"[worker-pool] submitWork(triggerId=api)"}}
[debug] [2020-12-08T18:41:47.884Z] [worker-api-e2e19060-fdca-4b43-94b3-2b078f906385]: Assigning socketPath: /var/folders/1n/b917k9jx3sv7w5cy50hhyycw0000gn/T/fire_emu_47009.sock {"metadata":{"emulator":{"name":"functions"},"message":"[worker-api-e2e19060-fdca-4b43-94b3-2b078f906385]: Assigning socketPath: /var/folders/1n/b917k9jx3sv7w5cy50hhyycw0000gn/T/fire_emu_47009.sock"}}
[debug] [2020-12-08T18:41:47.884Z] [worker-api-e2e19060-fdca-4b43-94b3-2b078f906385]: BUSY {"metadata":{"emulator":{"name":"functions"},"message":"[worker-api-e2e19060-fdca-4b43-94b3-2b078f906385]: BUSY"}}
[debug] [2020-12-08T18:41:48.420Z] [runtime-status] [47009] Functions runtime initialized. {"cwd":"/Users/syed/Documents/Projects/amazon-clone/functions","node_version":"12.0.0"} {"metadata":{"emulator":{"name":"functions"},"function":{"name":"api"},"message":"[runtime-status] [47009] Functions runtime initialized. {\"cwd\":\"/Users/syed/Documents/Projects/amazon-clone/functions\",\"node_version\":\"12.0.0\"}"}}
[debug] [2020-12-08T18:41:48.422Z] [runtime-status] [47009] Disabled runtime features: undefined {"metadata":{"emulator":{"name":"functions"},"function":{"name":"api"},"message":"[runtime-status] [47009] Disabled runtime features: undefined"}}
[debug] [2020-12-08T18:41:48.425Z] [runtime-status] [47009] Resolved module firebase-admin {"declared":true,"installed":true,"version":"9.4.1","resolution":"/Users/syed/Documents/Projects/amazon-clone/functions/node_modules/firebase-admin/lib/index.js"} {"metadata":{"emulator":{"name":"functions"},"function":{"name":"api"},"message":"[runtime-status] [47009] Resolved module firebase-admin {\"declared\":true,\"installed\":true,\"version\":\"9.4.1\",\"resolution\":\"/Users/syed/Documents/Projects/amazon-clone/functions/node_modules/firebase-admin/lib/index.js\"}"}}
[debug] [2020-12-08T18:41:48.426Z] [runtime-status] [47009] Resolved module firebase-functions {"declared":true,"installed":true,"version":"3.13.0","resolution":"/Users/syed/Documents/Projects/amazon-clone/functions/node_modules/firebase-functions/lib/index.js"} {"metadata":{"emulator":{"name":"functions"},"function":{"name":"api"},"message":"[runtime-status] [47009] Resolved module firebase-functions {\"declared\":true,\"installed\":true,\"version\":\"3.13.0\",\"resolution\":\"/Users/syed/Documents/Projects/amazon-clone/functions/node_modules/firebase-functions/lib/index.js\"}"}}
[debug] [2020-12-08T18:41:48.427Z] [runtime-status] [47009] Resolved module firebase-functions {"declared":true,"installed":true,"version":"3.13.0","resolution":"/Users/syed/Documents/Projects/amazon-clone/functions/node_modules/firebase-functions/lib/index.js"} {"metadata":{"emulator":{"name":"functions"},"function":{"name":"api"},"message":"[runtime-status] [47009] Resolved module firebase-functions {\"declared\":true,\"installed\":true,\"version\":\"3.13.0\",\"resolution\":\"/Users/syed/Documents/Projects/amazon-clone/functions/node_modules/firebase-functions/lib/index.js\"}"}}
[debug] [2020-12-08T18:41:48.429Z] [runtime-status] [47009] Outgoing network have been stubbed. [{"name":"http","status":"mocked"},{"name":"http","status":"mocked"},{"name":"https","status":"mocked"},{"name":"https","status":"mocked"},{"name":"net","status":"mocked"}] {"metadata":{"emulator":{"name":"functions"},"function":{"name":"api"},"message":"[runtime-status] [47009] Outgoing network have been stubbed. [{\"name\":\"http\",\"status\":\"mocked\"},{\"name\":\"http\",\"status\":\"mocked\"},{\"name\":\"https\",\"status\":\"mocked\"},{\"name\":\"https\",\"status\":\"mocked\"},{\"name\":\"net\",\"status\":\"mocked\"}]"}}
[debug] [2020-12-08T18:41:48.429Z] [runtime-status] [47009] Resolved module firebase-functions {"declared":true,"installed":true,"version":"3.13.0","resolution":"/Users/syed/Documents/Projects/amazon-clone/functions/node_modules/firebase-functions/lib/index.js"} {"metadata":{"emulator":{"name":"functions"},"function":{"name":"api"},"message":"[runtime-status] [47009] Resolved module firebase-functions {\"declared\":true,\"installed\":true,\"version\":\"3.13.0\",\"resolution\":\"/Users/syed/Documents/Projects/amazon-clone/functions/node_modules/firebase-functions/lib/index.js\"}"}}
[debug] [2020-12-08T18:41:48.503Z] [runtime-status] [47009] Checked functions.config() {"config":{}} {"metadata":{"emulator":{"name":"functions"},"function":{"name":"api"},"message":"[runtime-status] [47009] Checked functions.config() {\"config\":{}}"}}
[debug] [2020-12-08T18:41:48.503Z] [runtime-status] [47009] firebase-functions has been stubbed. {"functionsResolution":{"declared":true,"installed":true,"version":"3.13.0","resolution":"/Users/syed/Documents/Projects/amazon-clone/functions/node_modules/firebase-functions/lib/index.js"}} {"metadata":{"emulator":{"name":"functions"},"function":{"name":"api"},"message":"[runtime-status] [47009] firebase-functions has been stubbed. {\"functionsResolution\":{\"declared\":true,\"installed\":true,\"version\":\"3.13.0\",\"resolution\":\"/Users/syed/Documents/Projects/amazon-clone/functions/node_modules/firebase-functions/lib/index.js\"}}"}}
[debug] [2020-12-08T18:41:48.503Z] [runtime-status] [47009] Resolved module firebase-functions {"declared":true,"installed":true,"version":"3.13.0","resolution":"/Users/syed/Documents/Projects/amazon-clone/functions/node_modules/firebase-functions/lib/index.js"} {"metadata":{"emulator":{"name":"functions"},"function":{"name":"api"},"message":"[runtime-status] [47009] Resolved module firebase-functions {\"declared\":true,\"installed\":true,\"version\":\"3.13.0\",\"resolution\":\"/Users/syed/Documents/Projects/amazon-clone/functions/node_modules/firebase-functions/lib/index.js\"}"}}
[debug] [2020-12-08T18:41:48.504Z] [runtime-status] [47009] Resolved module firebase-admin {"declared":true,"installed":true,"version":"9.4.1","resolution":"/Users/syed/Documents/Projects/amazon-clone/functions/node_modules/firebase-admin/lib/index.js"} {"metadata":{"emulator":{"name":"functions"},"function":{"name":"api"},"message":"[runtime-status] [47009] Resolved module firebase-admin {\"declared\":true,\"installed\":true,\"version\":\"9.4.1\",\"resolution\":\"/Users/syed/Documents/Projects/amazon-clone/functions/node_modules/firebase-admin/lib/index.js\"}"}}
[debug] [2020-12-08T18:41:48.505Z] [runtime-status] [47009] Resolved module firebase-functions {"declared":true,"installed":true,"version":"3.13.0","resolution":"/Users/syed/Documents/Projects/amazon-clone/functions/node_modules/firebase-functions/lib/index.js"} {"metadata":{"emulator":{"name":"functions"},"function":{"name":"api"},"message":"[runtime-status] [47009] Resolved module firebase-functions {\"declared\":true,\"installed\":true,\"version\":\"3.13.0\",\"resolution\":\"/Users/syed/Documents/Projects/amazon-clone/functions/node_modules/firebase-functions/lib/index.js\"}"}}
[debug] [2020-12-08T18:41:48.505Z] [runtime-status] [47009] firebase-admin has been stubbed. {"adminResolution":{"declared":true,"installed":true,"version":"9.4.1","resolution":"/Users/syed/Documents/Projects/amazon-clone/functions/node_modules/firebase-admin/lib/index.js"}} {"metadata":{"emulator":{"name":"functions"},"function":{"name":"api"},"message":"[runtime-status] [47009] firebase-admin has been stubbed. {\"adminResolution\":{\"declared\":true,\"installed\":true,\"version\":\"9.4.1\",\"resolution\":\"/Users/syed/Documents/Projects/amazon-clone/functions/node_modules/firebase-admin/lib/index.js\"}}"}}
[debug] [2020-12-08T18:41:48.693Z] [runtime-status] [47009] Trigger "api" has been found, beginning invocation! {"metadata":{"emulator":{"name":"functions"},"function":{"name":"api"},"message":"[runtime-status] [47009] Trigger \"api\" has been found, beginning invocation!"}}
[info] i  functions: Beginning execution of "api" {"metadata":{"emulator":{"name":"functions"},"function":{"name":"api"},"message":"Beginning execution of \"api\""}}
[debug] [2020-12-08T18:41:48.694Z] [runtime-status] [47009] triggerDefinition {"httpsTrigger":{},"name":"api","entryPoint":"api"} {"metadata":{"emulator":{"name":"functions"},"function":{"name":"api"},"message":"[runtime-status] [47009] triggerDefinition {\"httpsTrigger\":{},\"name\":\"api\",\"entryPoint\":\"api\"}"}}
[debug] [2020-12-08T18:41:48.694Z] [runtime-status] [47009] Running api in mode HTTPS {"metadata":{"emulator":{"name":"functions"},"function":{"name":"api"},"message":"[runtime-status] [47009] Running api in mode HTTPS"}}
[debug] [2020-12-08T18:41:48.699Z] [runtime-status] [47009] Attempting to listen to socketPath: /var/folders/1n/b917k9jx3sv7w5cy50hhyycw0000gn/T/fire_emu_47009.sock {"metadata":{"emulator":{"name":"functions"},"function":{"name":"api"},"message":"[runtime-status] [47009] Attempting to listen to socketPath: /var/folders/1n/b917k9jx3sv7w5cy50hhyycw0000gn/T/fire_emu_47009.sock"}}
[debug] [2020-12-08T18:41:48.700Z] [functions] Runtime ready! Sending request! {"metadata":{"emulator":{"name":"functions"},"message":"[functions] Runtime ready! Sending request!"}}
[debug] [2020-12-08T18:41:48.718Z] [runtime-status] [47009] Ephemeral server handling GET request {"metadata":{"emulator":{"name":"functions"},"function":{"name":"api"},"message":"[runtime-status] [47009] Ephemeral server handling GET request"}}
[debug] [2020-12-08T18:41:48.732Z] [runtime-status] [47009] Ephemeral server survived. {"metadata":{"emulator":{"name":"functions"},"function":{"name":"api"},"message":"[runtime-status] [47009] Ephemeral server survived."}}
[info] i  functions: Finished "api" in ~1s {"metadata":{"emulator":{"name":"functions"},"function":{"name":"api"},"message":"Finished \"api\" in ~1s"}}
[debug] [2020-12-08T18:41:48.744Z] [worker-api-e2e19060-fdca-4b43-94b3-2b078f906385]: IDLE {"metadata":{"emulator":{"name":"functions"},"message":"[worker-api-e2e19060-fdca-4b43-94b3-2b078f906385]: IDLE"}}
[debug] [2020-12-08T18:41:48.744Z] [work-queue] {"queueLength":0,"workRunningCount":0}
[debug] [2020-12-08T18:41:48.807Z] Functions emulator received unknown request at path /favicon.ico
[debug] [2020-12-08T18:42:11.536Z] [work-queue] {"queueLength":1,"workRunningCount":0}
[debug] [2020-12-08T18:42:11.536Z] [work-queue] {"queueLength":0,"workRunningCount":1}
[debug] [2020-12-08T18:42:11.536Z] Accepted request GET /clone-4b9f3/us-central1/api --> api
[debug] [2020-12-08T18:42:11.536Z] [worker-pool] submitWork(triggerId=api) {"metadata":{"emulator":{"name":"functions"},"message":"[worker-pool] submitWork(triggerId=api)"}}
[debug] [2020-12-08T18:42:11.537Z] [worker-api-e2e19060-fdca-4b43-94b3-2b078f906385]: Assigning socketPath: /var/folders/1n/b917k9jx3sv7w5cy50hhyycw0000gn/T/fire_emu_47009.sock {"metadata":{"emulator":{"name":"functions"},"message":"[worker-api-e2e19060-fdca-4b43-94b3-2b078f906385]: Assigning socketPath: /var/folders/1n/b917k9jx3sv7w5cy50hhyycw0000gn/T/fire_emu_47009.sock"}}
[debug] [2020-12-08T18:42:11.538Z] [worker-api-e2e19060-fdca-4b43-94b3-2b078f906385]: BUSY {"metadata":{"emulator":{"name":"functions"},"message":"[worker-api-e2e19060-fdca-4b43-94b3-2b078f906385]: BUSY"}}
[debug] [2020-12-08T18:42:11.538Z] [runtime-status] [47009] Trigger "api" has been found, beginning invocation! {"metadata":{"emulator":{"name":"functions"},"function":{"name":"api"},"message":"[runtime-status] [47009] Trigger \"api\" has been found, beginning invocation!"}}
[info] i  functions: Beginning execution of "api" {"metadata":{"emulator":{"name":"functions"},"function":{"name":"api"},"message":"Beginning execution of \"api\""}}
[debug] [2020-12-08T18:42:11.539Z] [runtime-status] [47009] triggerDefinition {"httpsTrigger":{},"name":"api","entryPoint":"api"} {"metadata":{"emulator":{"name":"functions"},"function":{"name":"api"},"message":"[runtime-status] [47009] triggerDefinition {\"httpsTrigger\":{},\"name\":\"api\",\"entryPoint\":\"api\"}"}}
[debug] [2020-12-08T18:42:11.539Z] [runtime-status] [47009] Running api in mode HTTPS {"metadata":{"emulator":{"name":"functions"},"function":{"name":"api"},"message":"[runtime-status] [47009] Running api in mode HTTPS"}}
[debug] [2020-12-08T18:42:11.539Z] [runtime-status] [47009] Attempting to listen to socketPath: /var/folders/1n/b917k9jx3sv7w5cy50hhyycw0000gn/T/fire_emu_47009.sock {"metadata":{"emulator":{"name":"functions"},"function":{"name":"api"},"message":"[runtime-status] [47009] Attempting to listen to socketPath: /var/folders/1n/b917k9jx3sv7w5cy50hhyycw0000gn/T/fire_emu_47009.sock"}}
[debug] [2020-12-08T18:42:11.540Z] [functions] Runtime ready! Sending request! {"metadata":{"emulator":{"name":"functions"},"message":"[functions] Runtime ready! Sending request!"}}
[debug] [2020-12-08T18:42:11.543Z] [runtime-status] [47009] Ephemeral server handling GET request {"metadata":{"emulator":{"name":"functions"},"function":{"name":"api"},"message":"[runtime-status] [47009] Ephemeral server handling GET request"}}
[debug] [2020-12-08T18:42:11.545Z] [runtime-status] [47009] Ephemeral server survived. {"metadata":{"emulator":{"name":"functions"},"function":{"name":"api"},"message":"[runtime-status] [47009] Ephemeral server survived."}}
[info] i  functions: Finished "api" in ~1s {"metadata":{"emulator":{"name":"functions"},"function":{"name":"api"},"message":"Finished \"api\" in ~1s"}}
[debug] [2020-12-08T18:42:11.547Z] [worker-api-e2e19060-fdca-4b43-94b3-2b078f906385]: IDLE {"metadata":{"emulator":{"name":"functions"},"message":"[worker-api-e2e19060-fdca-4b43-94b3-2b078f906385]: IDLE"}}
[debug] [2020-12-08T18:42:11.547Z] [work-queue] {"queueLength":0,"workRunningCount":0}
[debug] [2020-12-08T18:42:11.650Z] Functions emulator received unknown request at path /favicon.ico
[debug] [2020-12-08T18:42:30.042Z] [work-queue] {"queueLength":1,"workRunningCount":0}
[debug] [2020-12-08T18:42:30.042Z] [work-queue] {"queueLength":0,"workRunningCount":1}
[debug] [2020-12-08T18:42:30.042Z] Accepted request GET /clone-4b9f3/us-central1/api --> api
[debug] [2020-12-08T18:42:30.042Z] [worker-pool] submitWork(triggerId=api) {"metadata":{"emulator":{"name":"functions"},"message":"[worker-pool] submitWork(triggerId=api)"}}
[debug] [2020-12-08T18:42:30.043Z] [worker-api-e2e19060-fdca-4b43-94b3-2b078f906385]: Assigning socketPath: /var/folders/1n/b917k9jx3sv7w5cy50hhyycw0000gn/T/fire_emu_47009.sock {"metadata":{"emulator":{"name":"functions"},"message":"[worker-api-e2e19060-fdca-4b43-94b3-2b078f906385]: Assigning socketPath: /var/folders/1n/b917k9jx3sv7w5cy50hhyycw0000gn/T/fire_emu_47009.sock"}}
[debug] [2020-12-08T18:42:30.043Z] [worker-api-e2e19060-fdca-4b43-94b3-2b078f906385]: BUSY {"metadata":{"emulator":{"name":"functions"},"message":"[worker-api-e2e19060-fdca-4b43-94b3-2b078f906385]: BUSY"}}
[debug] [2020-12-08T18:42:30.043Z] [runtime-status] [47009] Trigger "api" has been found, beginning invocation! {"metadata":{"emulator":{"name":"functions"},"function":{"name":"api"},"message":"[runtime-status] [47009] Trigger \"api\" has been found, beginning invocation!"}}
[info] i  functions: Beginning execution of "api" {"metadata":{"emulator":{"name":"functions"},"function":{"name":"api"},"message":"Beginning execution of \"api\""}}
[debug] [2020-12-08T18:42:30.044Z] [runtime-status] [47009] triggerDefinition {"httpsTrigger":{},"name":"api","entryPoint":"api"} {"metadata":{"emulator":{"name":"functions"},"function":{"name":"api"},"message":"[runtime-status] [47009] triggerDefinition {\"httpsTrigger\":{},\"name\":\"api\",\"entryPoint\":\"api\"}"}}
[debug] [2020-12-08T18:42:30.044Z] [runtime-status] [47009] Running api in mode HTTPS {"metadata":{"emulator":{"name":"functions"},"function":{"name":"api"},"message":"[runtime-status] [47009] Running api in mode HTTPS"}}
[debug] [2020-12-08T18:42:30.045Z] [runtime-status] [47009] Attempting to listen to socketPath: /var/folders/1n/b917k9jx3sv7w5cy50hhyycw0000gn/T/fire_emu_47009.sock {"metadata":{"emulator":{"name":"functions"},"function":{"name":"api"},"message":"[runtime-status] [47009] Attempting to listen to socketPath: /var/folders/1n/b917k9jx3sv7w5cy50hhyycw0000gn/T/fire_emu_47009.sock"}}
[debug] [2020-12-08T18:42:30.046Z] [functions] Runtime ready! Sending request! {"metadata":{"emulator":{"name":"functions"},"message":"[functions] Runtime ready! Sending request!"}}
[debug] [2020-12-08T18:42:30.050Z] [runtime-status] [47009] Ephemeral server handling GET request {"metadata":{"emulator":{"name":"functions"},"function":{"name":"api"},"message":"[runtime-status] [47009] Ephemeral server handling GET request"}}
[debug] [2020-12-08T18:42:30.051Z] [runtime-status] [47009] Ephemeral server survived. {"metadata":{"emulator":{"name":"functions"},"function":{"name":"api"},"message":"[runtime-status] [47009] Ephemeral server survived."}}
[info] i  functions: Finished "api" in ~1s {"metadata":{"emulator":{"name":"functions"},"function":{"name":"api"},"message":"Finished \"api\" in ~1s"}}
[debug] [2020-12-08T18:42:30.053Z] [worker-api-e2e19060-fdca-4b43-94b3-2b078f906385]: IDLE {"metadata":{"emulator":{"name":"functions"},"message":"[worker-api-e2e19060-fdca-4b43-94b3-2b078f906385]: IDLE"}}
[debug] [2020-12-08T18:42:30.053Z] [work-queue] {"queueLength":0,"workRunningCount":0}
[debug] [2020-12-08T18:42:32.237Z] [work-queue] {"queueLength":1,"workRunningCount":0}
[debug] [2020-12-08T18:42:32.237Z] [work-queue] {"queueLength":0,"workRunningCount":1}
[debug] [2020-12-08T18:42:32.237Z] Accepted request GET /clone-4b9f3/us-central1/api --> api
[debug] [2020-12-08T18:42:32.237Z] [worker-pool] submitWork(triggerId=api) {"metadata":{"emulator":{"name":"functions"},"message":"[worker-pool] submitWork(triggerId=api)"}}
[debug] [2020-12-08T18:42:32.237Z] [worker-api-e2e19060-fdca-4b43-94b3-2b078f906385]: Assigning socketPath: /var/folders/1n/b917k9jx3sv7w5cy50hhyycw0000gn/T/fire_emu_47009.sock {"metadata":{"emulator":{"name":"functions"},"message":"[worker-api-e2e19060-fdca-4b43-94b3-2b078f906385]: Assigning socketPath: /var/folders/1n/b917k9jx3sv7w5cy50hhyycw0000gn/T/fire_emu_47009.sock"}}
[debug] [2020-12-08T18:42:32.237Z] [worker-api-e2e19060-fdca-4b43-94b3-2b078f906385]: BUSY {"metadata":{"emulator":{"name":"functions"},"message":"[worker-api-e2e19060-fdca-4b43-94b3-2b078f906385]: BUSY"}}
[debug] [2020-12-08T18:42:32.238Z] [runtime-status] [47009] Trigger "api" has been found, beginning invocation! {"metadata":{"emulator":{"name":"functions"},"function":{"name":"api"},"message":"[runtime-status] [47009] Trigger \"api\" has been found, beginning invocation!"}}
[info] i  functions: Beginning execution of "api" {"metadata":{"emulator":{"name":"functions"},"function":{"name":"api"},"message":"Beginning execution of \"api\""}}
[debug] [2020-12-08T18:42:32.239Z] [runtime-status] [47009] triggerDefinition {"httpsTrigger":{},"name":"api","entryPoint":"api"} {"metadata":{"emulator":{"name":"functions"},"function":{"name":"api"},"message":"[runtime-status] [47009] triggerDefinition {\"httpsTrigger\":{},\"name\":\"api\",\"entryPoint\":\"api\"}"}}
[debug] [2020-12-08T18:42:32.239Z] [runtime-status] [47009] Running api in mode HTTPS {"metadata":{"emulator":{"name":"functions"},"function":{"name":"api"},"message":"[runtime-status] [47009] Running api in mode HTTPS"}}
[debug] [2020-12-08T18:42:32.239Z] [runtime-status] [47009] Attempting to listen to socketPath: /var/folders/1n/b917k9jx3sv7w5cy50hhyycw0000gn/T/fire_emu_47009.sock {"metadata":{"emulator":{"name":"functions"},"function":{"name":"api"},"message":"[runtime-status] [47009] Attempting to listen to socketPath: /var/folders/1n/b917k9jx3sv7w5cy50hhyycw0000gn/T/fire_emu_47009.sock"}}
[debug] [2020-12-08T18:42:32.240Z] [functions] Runtime ready! Sending request! {"metadata":{"emulator":{"name":"functions"},"message":"[functions] Runtime ready! Sending request!"}}
[debug] [2020-12-08T18:42:32.242Z] [runtime-status] [47009] Ephemeral server handling GET request {"metadata":{"emulator":{"name":"functions"},"function":{"name":"api"},"message":"[runtime-status] [47009] Ephemeral server handling GET request"}}
[debug] [2020-12-08T18:42:32.244Z] [runtime-status] [47009] Ephemeral server survived. {"metadata":{"emulator":{"name":"functions"},"function":{"name":"api"},"message":"[runtime-status] [47009] Ephemeral server survived."}}
[info] i  functions: Finished "api" in ~1s {"metadata":{"emulator":{"name":"functions"},"function":{"name":"api"},"message":"Finished \"api\" in ~1s"}}
[debug] [2020-12-08T18:42:32.244Z] [worker-api-e2e19060-fdca-4b43-94b3-2b078f906385]: IDLE {"metadata":{"emulator":{"name":"functions"},"message":"[worker-api-e2e19060-fdca-4b43-94b3-2b078f906385]: IDLE"}}
[debug] [2020-12-08T18:42:32.245Z] [work-queue] {"queueLength":0,"workRunningCount":0}
[debug] [2020-12-08T18:42:43.042Z] File /Users/syed/Documents/Projects/amazon-clone/functions/index.js changed, reloading triggers {"metadata":{"emulator":{"name":"functions"},"message":"File /Users/syed/Documents/Projects/amazon-clone/functions/index.js changed, reloading triggers"}}
[debug] [2020-12-08T18:42:44.046Z] [worker-pool] Shutting down IDLE worker (~diagnostic~) {"metadata":{"emulator":{"name":"functions"},"message":"[worker-pool] Shutting down IDLE worker (~diagnostic~)"}}
[debug] [2020-12-08T18:42:44.046Z] [worker-~diagnostic~-522b9ebe-9236-4a8c-9d6c-33e7da20c88a]: FINISHING {"metadata":{"emulator":{"name":"functions"},"message":"[worker-~diagnostic~-522b9ebe-9236-4a8c-9d6c-33e7da20c88a]: FINISHING"}}
[debug] [2020-12-08T18:42:44.047Z] [worker-pool] Shutting down IDLE worker (api) {"metadata":{"emulator":{"name":"functions"},"message":"[worker-pool] Shutting down IDLE worker (api)"}}
[debug] [2020-12-08T18:42:44.047Z] [worker-api-e2e19060-fdca-4b43-94b3-2b078f906385]: FINISHING {"metadata":{"emulator":{"name":"functions"},"message":"[worker-api-e2e19060-fdca-4b43-94b3-2b078f906385]: FINISHING"}}
[debug] [2020-12-08T18:42:44.057Z] [worker-pool] addWorker(~diagnostic~) {"metadata":{"emulator":{"name":"functions"},"message":"[worker-pool] addWorker(~diagnostic~)"}}
[debug] [2020-12-08T18:42:44.057Z] [worker-pool] Adding worker with key ~diagnostic~, total=2 {"metadata":{"emulator":{"name":"functions"},"message":"[worker-pool] Adding worker with key ~diagnostic~, total=2"}}
[debug] [2020-12-08T18:42:44.057Z] [worker-pool] submitWork(triggerId=) {"metadata":{"emulator":{"name":"functions"},"message":"[worker-pool] submitWork(triggerId=)"}}
[debug] [2020-12-08T18:42:44.058Z] [worker-~diagnostic~-803409c8-f825-4e8f-a8b9-cf19df407655]: Assigning socketPath: /var/folders/1n/b917k9jx3sv7w5cy50hhyycw0000gn/T/fire_emu_47027.sock {"metadata":{"emulator":{"name":"functions"},"message":"[worker-~diagnostic~-803409c8-f825-4e8f-a8b9-cf19df407655]: Assigning socketPath: /var/folders/1n/b917k9jx3sv7w5cy50hhyycw0000gn/T/fire_emu_47027.sock"}}
[debug] [2020-12-08T18:42:44.058Z] [worker-~diagnostic~-803409c8-f825-4e8f-a8b9-cf19df407655]: BUSY {"metadata":{"emulator":{"name":"functions"},"message":"[worker-~diagnostic~-803409c8-f825-4e8f-a8b9-cf19df407655]: BUSY"}}
[debug] [2020-12-08T18:42:44.060Z] [worker-~diagnostic~-522b9ebe-9236-4a8c-9d6c-33e7da20c88a]: exited {"metadata":{"emulator":{"name":"functions"},"message":"[worker-~diagnostic~-522b9ebe-9236-4a8c-9d6c-33e7da20c88a]: exited"}}
[debug] [2020-12-08T18:42:44.060Z] [worker-~diagnostic~-522b9ebe-9236-4a8c-9d6c-33e7da20c88a]: FINISHED {"metadata":{"emulator":{"name":"functions"},"message":"[worker-~diagnostic~-522b9ebe-9236-4a8c-9d6c-33e7da20c88a]: FINISHED"}}
[debug] [2020-12-08T18:42:44.060Z] [worker-api-e2e19060-fdca-4b43-94b3-2b078f906385]: exited {"metadata":{"emulator":{"name":"functions"},"message":"[worker-api-e2e19060-fdca-4b43-94b3-2b078f906385]: exited"}}
[debug] [2020-12-08T18:42:44.060Z] [worker-api-e2e19060-fdca-4b43-94b3-2b078f906385]: FINISHED {"metadata":{"emulator":{"name":"functions"},"message":"[worker-api-e2e19060-fdca-4b43-94b3-2b078f906385]: FINISHED"}}
[debug] [2020-12-08T18:42:44.678Z] [work-queue] {"queueLength":1,"workRunningCount":0}
[debug] [2020-12-08T18:42:44.678Z] [work-queue] {"queueLength":0,"workRunningCount":1}
[debug] [2020-12-08T18:42:44.679Z] Accepted request GET /clone-4b9f3/us-central1/api --> api
[debug] [2020-12-08T18:42:44.679Z] [worker-pool] Cleaned up workers for ~diagnostic~: 2 --> 1 {"metadata":{"emulator":{"name":"functions"},"message":"[worker-pool] Cleaned up workers for ~diagnostic~: 2 --> 1"}}
[debug] [2020-12-08T18:42:44.679Z] [worker-pool] Cleaned up workers for api: 1 --> 0 {"metadata":{"emulator":{"name":"functions"},"message":"[worker-pool] Cleaned up workers for api: 1 --> 0"}}
[debug] [2020-12-08T18:42:44.682Z] [worker-pool] addWorker(api) {"metadata":{"emulator":{"name":"functions"},"message":"[worker-pool] addWorker(api)"}}
[debug] [2020-12-08T18:42:44.683Z] [worker-pool] Adding worker with key api, total=1 {"metadata":{"emulator":{"name":"functions"},"message":"[worker-pool] Adding worker with key api, total=1"}}
[debug] [2020-12-08T18:42:44.683Z] [worker-pool] submitWork(triggerId=api) {"metadata":{"emulator":{"name":"functions"},"message":"[worker-pool] submitWork(triggerId=api)"}}
[debug] [2020-12-08T18:42:44.683Z] [worker-api-56a06893-45aa-4d7a-b930-10b4310df252]: Assigning socketPath: /var/folders/1n/b917k9jx3sv7w5cy50hhyycw0000gn/T/fire_emu_47028.sock {"metadata":{"emulator":{"name":"functions"},"message":"[worker-api-56a06893-45aa-4d7a-b930-10b4310df252]: Assigning socketPath: /var/folders/1n/b917k9jx3sv7w5cy50hhyycw0000gn/T/fire_emu_47028.sock"}}
[debug] [2020-12-08T18:42:44.683Z] [worker-api-56a06893-45aa-4d7a-b930-10b4310df252]: BUSY {"metadata":{"emulator":{"name":"functions"},"message":"[worker-api-56a06893-45aa-4d7a-b930-10b4310df252]: BUSY"}}
[debug] [2020-12-08T18:42:44.703Z] [runtime-status] [47027] Functions runtime initialized. {"cwd":"/Users/syed/Documents/Projects/amazon-clone/functions","node_version":"12.0.0"} {"metadata":{"emulator":{"name":"functions"},"message":"[runtime-status] [47027] Functions runtime initialized. {\"cwd\":\"/Users/syed/Documents/Projects/amazon-clone/functions\",\"node_version\":\"12.0.0\"}"}}
[debug] [2020-12-08T18:42:44.705Z] [runtime-status] [47027] Disabled runtime features: undefined {"metadata":{"emulator":{"name":"functions"},"message":"[runtime-status] [47027] Disabled runtime features: undefined"}}
[debug] [2020-12-08T18:42:44.706Z] [runtime-status] [47027] Resolved module firebase-admin {"declared":true,"installed":true,"version":"9.4.1","resolution":"/Users/syed/Documents/Projects/amazon-clone/functions/node_modules/firebase-admin/lib/index.js"} {"metadata":{"emulator":{"name":"functions"},"message":"[runtime-status] [47027] Resolved module firebase-admin {\"declared\":true,\"installed\":true,\"version\":\"9.4.1\",\"resolution\":\"/Users/syed/Documents/Projects/amazon-clone/functions/node_modules/firebase-admin/lib/index.js\"}"}}
[debug] [2020-12-08T18:42:44.707Z] [runtime-status] [47027] Resolved module firebase-functions {"declared":true,"installed":true,"version":"3.13.0","resolution":"/Users/syed/Documents/Projects/amazon-clone/functions/node_modules/firebase-functions/lib/index.js"} {"metadata":{"emulator":{"name":"functions"},"message":"[runtime-status] [47027] Resolved module firebase-functions {\"declared\":true,\"installed\":true,\"version\":\"3.13.0\",\"resolution\":\"/Users/syed/Documents/Projects/amazon-clone/functions/node_modules/firebase-functions/lib/index.js\"}"}}
[debug] [2020-12-08T18:42:44.709Z] [runtime-status] [47027] Resolved module firebase-functions {"declared":true,"installed":true,"version":"3.13.0","resolution":"/Users/syed/Documents/Projects/amazon-clone/functions/node_modules/firebase-functions/lib/index.js"} {"metadata":{"emulator":{"name":"functions"},"message":"[runtime-status] [47027] Resolved module firebase-functions {\"declared\":true,\"installed\":true,\"version\":\"3.13.0\",\"resolution\":\"/Users/syed/Documents/Projects/amazon-clone/functions/node_modules/firebase-functions/lib/index.js\"}"}}
[debug] [2020-12-08T18:42:44.711Z] [runtime-status] [47027] Outgoing network have been stubbed. [{"name":"http","status":"mocked"},{"name":"http","status":"mocked"},{"name":"https","status":"mocked"},{"name":"https","status":"mocked"},{"name":"net","status":"mocked"}] {"metadata":{"emulator":{"name":"functions"},"message":"[runtime-status] [47027] Outgoing network have been stubbed. [{\"name\":\"http\",\"status\":\"mocked\"},{\"name\":\"http\",\"status\":\"mocked\"},{\"name\":\"https\",\"status\":\"mocked\"},{\"name\":\"https\",\"status\":\"mocked\"},{\"name\":\"net\",\"status\":\"mocked\"}]"}}
[debug] [2020-12-08T18:42:44.711Z] [runtime-status] [47027] Resolved module firebase-functions {"declared":true,"installed":true,"version":"3.13.0","resolution":"/Users/syed/Documents/Projects/amazon-clone/functions/node_modules/firebase-functions/lib/index.js"} {"metadata":{"emulator":{"name":"functions"},"message":"[runtime-status] [47027] Resolved module firebase-functions {\"declared\":true,\"installed\":true,\"version\":\"3.13.0\",\"resolution\":\"/Users/syed/Documents/Projects/amazon-clone/functions/node_modules/firebase-functions/lib/index.js\"}"}}
[debug] [2020-12-08T18:42:44.753Z] [runtime-status] [47027] Checked functions.config() {"config":{}} {"metadata":{"emulator":{"name":"functions"},"message":"[runtime-status] [47027] Checked functions.config() {\"config\":{}}"}}
[debug] [2020-12-08T18:42:44.753Z] [runtime-status] [47027] firebase-functions has been stubbed. {"functionsResolution":{"declared":true,"installed":true,"version":"3.13.0","resolution":"/Users/syed/Documents/Projects/amazon-clone/functions/node_modules/firebase-functions/lib/index.js"}} {"metadata":{"emulator":{"name":"functions"},"message":"[runtime-status] [47027] firebase-functions has been stubbed. {\"functionsResolution\":{\"declared\":true,\"installed\":true,\"version\":\"3.13.0\",\"resolution\":\"/Users/syed/Documents/Projects/amazon-clone/functions/node_modules/firebase-functions/lib/index.js\"}}"}}
[debug] [2020-12-08T18:42:44.754Z] [runtime-status] [47027] Resolved module firebase-functions {"declared":true,"installed":true,"version":"3.13.0","resolution":"/Users/syed/Documents/Projects/amazon-clone/functions/node_modules/firebase-functions/lib/index.js"} {"metadata":{"emulator":{"name":"functions"},"message":"[runtime-status] [47027] Resolved module firebase-functions {\"declared\":true,\"installed\":true,\"version\":\"3.13.0\",\"resolution\":\"/Users/syed/Documents/Projects/amazon-clone/functions/node_modules/firebase-functions/lib/index.js\"}"}}
[debug] [2020-12-08T18:42:44.754Z] [runtime-status] [47027] Resolved module firebase-admin {"declared":true,"installed":true,"version":"9.4.1","resolution":"/Users/syed/Documents/Projects/amazon-clone/functions/node_modules/firebase-admin/lib/index.js"} {"metadata":{"emulator":{"name":"functions"},"message":"[runtime-status] [47027] Resolved module firebase-admin {\"declared\":true,\"installed\":true,\"version\":\"9.4.1\",\"resolution\":\"/Users/syed/Documents/Projects/amazon-clone/functions/node_modules/firebase-admin/lib/index.js\"}"}}
[debug] [2020-12-08T18:42:44.755Z] [runtime-status] [47027] Resolved module firebase-functions {"declared":true,"installed":true,"version":"3.13.0","resolution":"/Users/syed/Documents/Projects/amazon-clone/functions/node_modules/firebase-functions/lib/index.js"} {"metadata":{"emulator":{"name":"functions"},"message":"[runtime-status] [47027] Resolved module firebase-functions {\"declared\":true,\"installed\":true,\"version\":\"3.13.0\",\"resolution\":\"/Users/syed/Documents/Projects/amazon-clone/functions/node_modules/firebase-functions/lib/index.js\"}"}}
[debug] [2020-12-08T18:42:44.755Z] [runtime-status] [47027] firebase-admin has been stubbed. {"adminResolution":{"declared":true,"installed":true,"version":"9.4.1","resolution":"/Users/syed/Documents/Projects/amazon-clone/functions/node_modules/firebase-admin/lib/index.js"}} {"metadata":{"emulator":{"name":"functions"},"message":"[runtime-status] [47027] firebase-admin has been stubbed. {\"adminResolution\":{\"declared\":true,\"installed\":true,\"version\":\"9.4.1\",\"resolution\":\"/Users/syed/Documents/Projects/amazon-clone/functions/node_modules/firebase-admin/lib/index.js\"}}"}}
[debug] [2020-12-08T18:42:44.883Z] [worker-~diagnostic~-803409c8-f825-4e8f-a8b9-cf19df407655]: IDLE {"metadata":{"emulator":{"name":"functions"},"message":"[worker-~diagnostic~-803409c8-f825-4e8f-a8b9-cf19df407655]: IDLE"}}
[debug] [2020-12-08T18:42:44.946Z] [runtime-status] [47028] Functions runtime initialized. {"cwd":"/Users/syed/Documents/Projects/amazon-clone/functions","node_version":"12.0.0"} {"metadata":{"emulator":{"name":"functions"},"function":{"name":"api"},"message":"[runtime-status] [47028] Functions runtime initialized. {\"cwd\":\"/Users/syed/Documents/Projects/amazon-clone/functions\",\"node_version\":\"12.0.0\"}"}}
[debug] [2020-12-08T18:42:44.948Z] [runtime-status] [47028] Disabled runtime features: undefined {"metadata":{"emulator":{"name":"functions"},"function":{"name":"api"},"message":"[runtime-status] [47028] Disabled runtime features: undefined"}}
[debug] [2020-12-08T18:42:44.949Z] [runtime-status] [47028] Resolved module firebase-admin {"declared":true,"installed":true,"version":"9.4.1","resolution":"/Users/syed/Documents/Projects/amazon-clone/functions/node_modules/firebase-admin/lib/index.js"} {"metadata":{"emulator":{"name":"functions"},"function":{"name":"api"},"message":"[runtime-status] [47028] Resolved module firebase-admin {\"declared\":true,\"installed\":true,\"version\":\"9.4.1\",\"resolution\":\"/Users/syed/Documents/Projects/amazon-clone/functions/node_modules/firebase-admin/lib/index.js\"}"}}
[debug] [2020-12-08T18:42:44.950Z] [runtime-status] [47028] Resolved module firebase-functions {"declared":true,"installed":true,"version":"3.13.0","resolution":"/Users/syed/Documents/Projects/amazon-clone/functions/node_modules/firebase-functions/lib/index.js"} {"metadata":{"emulator":{"name":"functions"},"function":{"name":"api"},"message":"[runtime-status] [47028] Resolved module firebase-functions {\"declared\":true,\"installed\":true,\"version\":\"3.13.0\",\"resolution\":\"/Users/syed/Documents/Projects/amazon-clone/functions/node_modules/firebase-functions/lib/index.js\"}"}}
[debug] [2020-12-08T18:42:44.950Z] [runtime-status] [47028] Resolved module firebase-functions {"declared":true,"installed":true,"version":"3.13.0","resolution":"/Users/syed/Documents/Projects/amazon-clone/functions/node_modules/firebase-functions/lib/index.js"} {"metadata":{"emulator":{"name":"functions"},"function":{"name":"api"},"message":"[runtime-status] [47028] Resolved module firebase-functions {\"declared\":true,\"installed\":true,\"version\":\"3.13.0\",\"resolution\":\"/Users/syed/Documents/Projects/amazon-clone/functions/node_modules/firebase-functions/lib/index.js\"}"}}
[debug] [2020-12-08T18:42:44.952Z] [runtime-status] [47028] Outgoing network have been stubbed. [{"name":"http","status":"mocked"},{"name":"http","status":"mocked"},{"name":"https","status":"mocked"},{"name":"https","status":"mocked"},{"name":"net","status":"mocked"}] {"metadata":{"emulator":{"name":"functions"},"function":{"name":"api"},"message":"[runtime-status] [47028] Outgoing network have been stubbed. [{\"name\":\"http\",\"status\":\"mocked\"},{\"name\":\"http\",\"status\":\"mocked\"},{\"name\":\"https\",\"status\":\"mocked\"},{\"name\":\"https\",\"status\":\"mocked\"},{\"name\":\"net\",\"status\":\"mocked\"}]"}}
[debug] [2020-12-08T18:42:44.953Z] [runtime-status] [47028] Resolved module firebase-functions {"declared":true,"installed":true,"version":"3.13.0","resolution":"/Users/syed/Documents/Projects/amazon-clone/functions/node_modules/firebase-functions/lib/index.js"} {"metadata":{"emulator":{"name":"functions"},"function":{"name":"api"},"message":"[runtime-status] [47028] Resolved module firebase-functions {\"declared\":true,\"installed\":true,\"version\":\"3.13.0\",\"resolution\":\"/Users/syed/Documents/Projects/amazon-clone/functions/node_modules/firebase-functions/lib/index.js\"}"}}
[debug] [2020-12-08T18:42:44.979Z] [runtime-status] [47028] Checked functions.config() {"config":{}} {"metadata":{"emulator":{"name":"functions"},"function":{"name":"api"},"message":"[runtime-status] [47028] Checked functions.config() {\"config\":{}}"}}
[debug] [2020-12-08T18:42:44.979Z] [runtime-status] [47028] firebase-functions has been stubbed. {"functionsResolution":{"declared":true,"installed":true,"version":"3.13.0","resolution":"/Users/syed/Documents/Projects/amazon-clone/functions/node_modules/firebase-functions/lib/index.js"}} {"metadata":{"emulator":{"name":"functions"},"function":{"name":"api"},"message":"[runtime-status] [47028] firebase-functions has been stubbed. {\"functionsResolution\":{\"declared\":true,\"installed\":true,\"version\":\"3.13.0\",\"resolution\":\"/Users/syed/Documents/Projects/amazon-clone/functions/node_modules/firebase-functions/lib/index.js\"}}"}}
[debug] [2020-12-08T18:42:44.980Z] [runtime-status] [47028] Resolved module firebase-functions {"declared":true,"installed":true,"version":"3.13.0","resolution":"/Users/syed/Documents/Projects/amazon-clone/functions/node_modules/firebase-functions/lib/index.js"} {"metadata":{"emulator":{"name":"functions"},"function":{"name":"api"},"message":"[runtime-status] [47028] Resolved module firebase-functions {\"declared\":true,\"installed\":true,\"version\":\"3.13.0\",\"resolution\":\"/Users/syed/Documents/Projects/amazon-clone/functions/node_modules/firebase-functions/lib/index.js\"}"}}
[debug] [2020-12-08T18:42:44.980Z] [runtime-status] [47028] Resolved module firebase-admin {"declared":true,"installed":true,"version":"9.4.1","resolution":"/Users/syed/Documents/Projects/amazon-clone/functions/node_modules/firebase-admin/lib/index.js"} {"metadata":{"emulator":{"name":"functions"},"function":{"name":"api"},"message":"[runtime-status] [47028] Resolved module firebase-admin {\"declared\":true,\"installed\":true,\"version\":\"9.4.1\",\"resolution\":\"/Users/syed/Documents/Projects/amazon-clone/functions/node_modules/firebase-admin/lib/index.js\"}"}}
[debug] [2020-12-08T18:42:44.981Z] [runtime-status] [47028] Resolved module firebase-functions {"declared":true,"installed":true,"version":"3.13.0","resolution":"/Users/syed/Documents/Projects/amazon-clone/functions/node_modules/firebase-functions/lib/index.js"} {"metadata":{"emulator":{"name":"functions"},"function":{"name":"api"},"message":"[runtime-status] [47028] Resolved module firebase-functions {\"declared\":true,\"installed\":true,\"version\":\"3.13.0\",\"resolution\":\"/Users/syed/Documents/Projects/amazon-clone/functions/node_modules/firebase-functions/lib/index.js\"}"}}
[debug] [2020-12-08T18:42:44.981Z] [runtime-status] [47028] firebase-admin has been stubbed. {"adminResolution":{"declared":true,"installed":true,"version":"9.4.1","resolution":"/Users/syed/Documents/Projects/amazon-clone/functions/node_modules/firebase-admin/lib/index.js"}} {"metadata":{"emulator":{"name":"functions"},"function":{"name":"api"},"message":"[runtime-status] [47028] firebase-admin has been stubbed. {\"adminResolution\":{\"declared\":true,\"installed\":true,\"version\":\"9.4.1\",\"resolution\":\"/Users/syed/Documents/Projects/amazon-clone/functions/node_modules/firebase-admin/lib/index.js\"}}"}}
[debug] [2020-12-08T18:42:45.049Z] [runtime-status] [47028] Trigger "api" has been found, beginning invocation! {"metadata":{"emulator":{"name":"functions"},"function":{"name":"api"},"message":"[runtime-status] [47028] Trigger \"api\" has been found, beginning invocation!"}}
[info] i  functions: Beginning execution of "api" {"metadata":{"emulator":{"name":"functions"},"function":{"name":"api"},"message":"Beginning execution of \"api\""}}
[debug] [2020-12-08T18:42:45.050Z] [runtime-status] [47028] triggerDefinition {"httpsTrigger":{},"name":"api","entryPoint":"api"} {"metadata":{"emulator":{"name":"functions"},"function":{"name":"api"},"message":"[runtime-status] [47028] triggerDefinition {\"httpsTrigger\":{},\"name\":\"api\",\"entryPoint\":\"api\"}"}}
[debug] [2020-12-08T18:42:45.050Z] [runtime-status] [47028] Running api in mode HTTPS {"metadata":{"emulator":{"name":"functions"},"function":{"name":"api"},"message":"[runtime-status] [47028] Running api in mode HTTPS"}}
[debug] [2020-12-08T18:42:45.053Z] [runtime-status] [47028] Attempting to listen to socketPath: /var/folders/1n/b917k9jx3sv7w5cy50hhyycw0000gn/T/fire_emu_47028.sock {"metadata":{"emulator":{"name":"functions"},"function":{"name":"api"},"message":"[runtime-status] [47028] Attempting to listen to socketPath: /var/folders/1n/b917k9jx3sv7w5cy50hhyycw0000gn/T/fire_emu_47028.sock"}}
[debug] [2020-12-08T18:42:45.056Z] [functions] Runtime ready! Sending request! {"metadata":{"emulator":{"name":"functions"},"message":"[functions] Runtime ready! Sending request!"}}
[debug] [2020-12-08T18:42:45.071Z] [runtime-status] [47028] Ephemeral server handling GET request {"metadata":{"emulator":{"name":"functions"},"function":{"name":"api"},"message":"[runtime-status] [47028] Ephemeral server handling GET request"}}
[debug] [2020-12-08T18:42:45.078Z] [runtime-status] [47028] Ephemeral server survived. {"metadata":{"emulator":{"name":"functions"},"function":{"name":"api"},"message":"[runtime-status] [47028] Ephemeral server survived."}}
[info] i  functions: Finished "api" in ~1s {"metadata":{"emulator":{"name":"functions"},"function":{"name":"api"},"message":"Finished \"api\" in ~1s"}}
[debug] [2020-12-08T18:42:45.142Z] [worker-api-56a06893-45aa-4d7a-b930-10b4310df252]: IDLE {"metadata":{"emulator":{"name":"functions"},"message":"[worker-api-56a06893-45aa-4d7a-b930-10b4310df252]: IDLE"}}
[debug] [2020-12-08T18:42:45.142Z] [work-queue] {"queueLength":0,"workRunningCount":0}
[debug] [2020-12-08T18:42:47.604Z] [work-queue] {"queueLength":1,"workRunningCount":0}
[debug] [2020-12-08T18:42:47.605Z] [work-queue] {"queueLength":0,"workRunningCount":1}
[debug] [2020-12-08T18:42:47.605Z] Accepted request GET /clone-4b9f3/us-central1/api --> api
[debug] [2020-12-08T18:42:47.605Z] [worker-pool] submitWork(triggerId=api) {"metadata":{"emulator":{"name":"functions"},"message":"[worker-pool] submitWork(triggerId=api)"}}
[debug] [2020-12-08T18:42:47.605Z] [worker-api-56a06893-45aa-4d7a-b930-10b4310df252]: Assigning socketPath: /var/folders/1n/b917k9jx3sv7w5cy50hhyycw0000gn/T/fire_emu_47028.sock {"metadata":{"emulator":{"name":"functions"},"message":"[worker-api-56a06893-45aa-4d7a-b930-10b4310df252]: Assigning socketPath: /var/folders/1n/b917k9jx3sv7w5cy50hhyycw0000gn/T/fire_emu_47028.sock"}}
[debug] [2020-12-08T18:42:47.605Z] [worker-api-56a06893-45aa-4d7a-b930-10b4310df252]: BUSY {"metadata":{"emulator":{"name":"functions"},"message":"[worker-api-56a06893-45aa-4d7a-b930-10b4310df252]: BUSY"}}
[debug] [2020-12-08T18:42:47.606Z] [runtime-status] [47028] Trigger "api" has been found, beginning invocation! {"metadata":{"emulator":{"name":"functions"},"function":{"name":"api"},"message":"[runtime-status] [47028] Trigger \"api\" has been found, beginning invocation!"}}
[info] i  functions: Beginning execution of "api" {"metadata":{"emulator":{"name":"functions"},"function":{"name":"api"},"message":"Beginning execution of \"api\""}}
[debug] [2020-12-08T18:42:47.607Z] [runtime-status] [47028] triggerDefinition {"httpsTrigger":{},"name":"api","entryPoint":"api"} {"metadata":{"emulator":{"name":"functions"},"function":{"name":"api"},"message":"[runtime-status] [47028] triggerDefinition {\"httpsTrigger\":{},\"name\":\"api\",\"entryPoint\":\"api\"}"}}
[debug] [2020-12-08T18:42:47.607Z] [runtime-status] [47028] Running api in mode HTTPS {"metadata":{"emulator":{"name":"functions"},"function":{"name":"api"},"message":"[runtime-status] [47028] Running api in mode HTTPS"}}
[debug] [2020-12-08T18:42:47.607Z] [runtime-status] [47028] Attempting to listen to socketPath: /var/folders/1n/b917k9jx3sv7w5cy50hhyycw0000gn/T/fire_emu_47028.sock {"metadata":{"emulator":{"name":"functions"},"function":{"name":"api"},"message":"[runtime-status] [47028] Attempting to listen to socketPath: /var/folders/1n/b917k9jx3sv7w5cy50hhyycw0000gn/T/fire_emu_47028.sock"}}
[debug] [2020-12-08T18:42:47.607Z] [functions] Runtime ready! Sending request! {"metadata":{"emulator":{"name":"functions"},"message":"[functions] Runtime ready! Sending request!"}}
[debug] [2020-12-08T18:42:47.609Z] [runtime-status] [47028] Ephemeral server handling GET request {"metadata":{"emulator":{"name":"functions"},"function":{"name":"api"},"message":"[runtime-status] [47028] Ephemeral server handling GET request"}}
[debug] [2020-12-08T18:42:47.611Z] [runtime-status] [47028] Ephemeral server survived. {"metadata":{"emulator":{"name":"functions"},"function":{"name":"api"},"message":"[runtime-status] [47028] Ephemeral server survived."}}
[info] i  functions: Finished "api" in ~1s {"metadata":{"emulator":{"name":"functions"},"function":{"name":"api"},"message":"Finished \"api\" in ~1s"}}
[debug] [2020-12-08T18:42:47.611Z] [worker-api-56a06893-45aa-4d7a-b930-10b4310df252]: IDLE {"metadata":{"emulator":{"name":"functions"},"message":"[worker-api-56a06893-45aa-4d7a-b930-10b4310df252]: IDLE"}}
[debug] [2020-12-08T18:42:47.612Z] [work-queue] {"queueLength":0,"workRunningCount":0}
[debug] [2020-12-08T18:45:22.460Z] File /Users/syed/Documents/Projects/amazon-clone/functions/index.js changed, reloading triggers {"metadata":{"emulator":{"name":"functions"},"message":"File /Users/syed/Documents/Projects/amazon-clone/functions/index.js changed, reloading triggers"}}
[debug] [2020-12-08T18:45:23.463Z] [worker-pool] Shutting down IDLE worker (~diagnostic~) {"metadata":{"emulator":{"name":"functions"},"message":"[worker-pool] Shutting down IDLE worker (~diagnostic~)"}}
[debug] [2020-12-08T18:45:23.464Z] [worker-~diagnostic~-803409c8-f825-4e8f-a8b9-cf19df407655]: FINISHING {"metadata":{"emulator":{"name":"functions"},"message":"[worker-~diagnostic~-803409c8-f825-4e8f-a8b9-cf19df407655]: FINISHING"}}
[debug] [2020-12-08T18:45:23.465Z] [worker-pool] Shutting down IDLE worker (api) {"metadata":{"emulator":{"name":"functions"},"message":"[worker-pool] Shutting down IDLE worker (api)"}}
[debug] [2020-12-08T18:45:23.465Z] [worker-api-56a06893-45aa-4d7a-b930-10b4310df252]: FINISHING {"metadata":{"emulator":{"name":"functions"},"message":"[worker-api-56a06893-45aa-4d7a-b930-10b4310df252]: FINISHING"}}
[debug] [2020-12-08T18:45:23.472Z] [worker-pool] addWorker(~diagnostic~) {"metadata":{"emulator":{"name":"functions"},"message":"[worker-pool] addWorker(~diagnostic~)"}}
[debug] [2020-12-08T18:45:23.473Z] [worker-pool] Adding worker with key ~diagnostic~, total=2 {"metadata":{"emulator":{"name":"functions"},"message":"[worker-pool] Adding worker with key ~diagnostic~, total=2"}}
[debug] [2020-12-08T18:45:23.473Z] [worker-pool] submitWork(triggerId=) {"metadata":{"emulator":{"name":"functions"},"message":"[worker-pool] submitWork(triggerId=)"}}
[debug] [2020-12-08T18:45:23.473Z] [worker-~diagnostic~-4a8bd108-2841-4882-930d-2e4f8e59261b]: Assigning socketPath: /var/folders/1n/b917k9jx3sv7w5cy50hhyycw0000gn/T/fire_emu_47030.sock {"metadata":{"emulator":{"name":"functions"},"message":"[worker-~diagnostic~-4a8bd108-2841-4882-930d-2e4f8e59261b]: Assigning socketPath: /var/folders/1n/b917k9jx3sv7w5cy50hhyycw0000gn/T/fire_emu_47030.sock"}}
[debug] [2020-12-08T18:45:23.473Z] [worker-~diagnostic~-4a8bd108-2841-4882-930d-2e4f8e59261b]: BUSY {"metadata":{"emulator":{"name":"functions"},"message":"[worker-~diagnostic~-4a8bd108-2841-4882-930d-2e4f8e59261b]: BUSY"}}
[debug] [2020-12-08T18:45:23.474Z] [worker-~diagnostic~-803409c8-f825-4e8f-a8b9-cf19df407655]: exited {"metadata":{"emulator":{"name":"functions"},"message":"[worker-~diagnostic~-803409c8-f825-4e8f-a8b9-cf19df407655]: exited"}}
[debug] [2020-12-08T18:45:23.475Z] [worker-~diagnostic~-803409c8-f825-4e8f-a8b9-cf19df407655]: FINISHED {"metadata":{"emulator":{"name":"functions"},"message":"[worker-~diagnostic~-803409c8-f825-4e8f-a8b9-cf19df407655]: FINISHED"}}
[debug] [2020-12-08T18:45:23.475Z] [worker-api-56a06893-45aa-4d7a-b930-10b4310df252]: exited {"metadata":{"emulator":{"name":"functions"},"message":"[worker-api-56a06893-45aa-4d7a-b930-10b4310df252]: exited"}}
[debug] [2020-12-08T18:45:23.475Z] [worker-api-56a06893-45aa-4d7a-b930-10b4310df252]: FINISHED {"metadata":{"emulator":{"name":"functions"},"message":"[worker-api-56a06893-45aa-4d7a-b930-10b4310df252]: FINISHED"}}
[debug] [2020-12-08T18:45:23.712Z] [runtime-status] [47030] Functions runtime initialized. {"cwd":"/Users/syed/Documents/Projects/amazon-clone/functions","node_version":"12.0.0"} {"metadata":{"emulator":{"name":"functions"},"message":"[runtime-status] [47030] Functions runtime initialized. {\"cwd\":\"/Users/syed/Documents/Projects/amazon-clone/functions\",\"node_version\":\"12.0.0\"}"}}
[debug] [2020-12-08T18:45:23.713Z] [runtime-status] [47030] Disabled runtime features: undefined {"metadata":{"emulator":{"name":"functions"},"message":"[runtime-status] [47030] Disabled runtime features: undefined"}}
[debug] [2020-12-08T18:45:23.716Z] [runtime-status] [47030] Resolved module firebase-admin {"declared":true,"installed":true,"version":"9.4.1","resolution":"/Users/syed/Documents/Projects/amazon-clone/functions/node_modules/firebase-admin/lib/index.js"} {"metadata":{"emulator":{"name":"functions"},"message":"[runtime-status] [47030] Resolved module firebase-admin {\"declared\":true,\"installed\":true,\"version\":\"9.4.1\",\"resolution\":\"/Users/syed/Documents/Projects/amazon-clone/functions/node_modules/firebase-admin/lib/index.js\"}"}}
[debug] [2020-12-08T18:45:23.716Z] [runtime-status] [47030] Resolved module firebase-functions {"declared":true,"installed":true,"version":"3.13.0","resolution":"/Users/syed/Documents/Projects/amazon-clone/functions/node_modules/firebase-functions/lib/index.js"} {"metadata":{"emulator":{"name":"functions"},"message":"[runtime-status] [47030] Resolved module firebase-functions {\"declared\":true,\"installed\":true,\"version\":\"3.13.0\",\"resolution\":\"/Users/syed/Documents/Projects/amazon-clone/functions/node_modules/firebase-functions/lib/index.js\"}"}}
[debug] [2020-12-08T18:45:23.717Z] [runtime-status] [47030] Resolved module firebase-functions {"declared":true,"installed":true,"version":"3.13.0","resolution":"/Users/syed/Documents/Projects/amazon-clone/functions/node_modules/firebase-functions/lib/index.js"} {"metadata":{"emulator":{"name":"functions"},"message":"[runtime-status] [47030] Resolved module firebase-functions {\"declared\":true,\"installed\":true,\"version\":\"3.13.0\",\"resolution\":\"/Users/syed/Documents/Projects/amazon-clone/functions/node_modules/firebase-functions/lib/index.js\"}"}}
[debug] [2020-12-08T18:45:23.718Z] [runtime-status] [47030] Outgoing network have been stubbed. [{"name":"http","status":"mocked"},{"name":"http","status":"mocked"},{"name":"https","status":"mocked"},{"name":"https","status":"mocked"},{"name":"net","status":"mocked"}] {"metadata":{"emulator":{"name":"functions"},"message":"[runtime-status] [47030] Outgoing network have been stubbed. [{\"name\":\"http\",\"status\":\"mocked\"},{\"name\":\"http\",\"status\":\"mocked\"},{\"name\":\"https\",\"status\":\"mocked\"},{\"name\":\"https\",\"status\":\"mocked\"},{\"name\":\"net\",\"status\":\"mocked\"}]"}}
[debug] [2020-12-08T18:45:23.719Z] [runtime-status] [47030] Resolved module firebase-functions {"declared":true,"installed":true,"version":"3.13.0","resolution":"/Users/syed/Documents/Projects/amazon-clone/functions/node_modules/firebase-functions/lib/index.js"} {"metadata":{"emulator":{"name":"functions"},"message":"[runtime-status] [47030] Resolved module firebase-functions {\"declared\":true,\"installed\":true,\"version\":\"3.13.0\",\"resolution\":\"/Users/syed/Documents/Projects/amazon-clone/functions/node_modules/firebase-functions/lib/index.js\"}"}}
[debug] [2020-12-08T18:45:23.744Z] [runtime-status] [47030] Checked functions.config() {"config":{}} {"metadata":{"emulator":{"name":"functions"},"message":"[runtime-status] [47030] Checked functions.config() {\"config\":{}}"}}
[debug] [2020-12-08T18:45:23.745Z] [runtime-status] [47030] firebase-functions has been stubbed. {"functionsResolution":{"declared":true,"installed":true,"version":"3.13.0","resolution":"/Users/syed/Documents/Projects/amazon-clone/functions/node_modules/firebase-functions/lib/index.js"}} {"metadata":{"emulator":{"name":"functions"},"message":"[runtime-status] [47030] firebase-functions has been stubbed. {\"functionsResolution\":{\"declared\":true,\"installed\":true,\"version\":\"3.13.0\",\"resolution\":\"/Users/syed/Documents/Projects/amazon-clone/functions/node_modules/firebase-functions/lib/index.js\"}}"}}
[debug] [2020-12-08T18:45:23.745Z] [runtime-status] [47030] Resolved module firebase-functions {"declared":true,"installed":true,"version":"3.13.0","resolution":"/Users/syed/Documents/Projects/amazon-clone/functions/node_modules/firebase-functions/lib/index.js"} {"metadata":{"emulator":{"name":"functions"},"message":"[runtime-status] [47030] Resolved module firebase-functions {\"declared\":true,\"installed\":true,\"version\":\"3.13.0\",\"resolution\":\"/Users/syed/Documents/Projects/amazon-clone/functions/node_modules/firebase-functions/lib/index.js\"}"}}
[debug] [2020-12-08T18:45:23.746Z] [runtime-status] [47030] Resolved module firebase-admin {"declared":true,"installed":true,"version":"9.4.1","resolution":"/Users/syed/Documents/Projects/amazon-clone/functions/node_modules/firebase-admin/lib/index.js"} {"metadata":{"emulator":{"name":"functions"},"message":"[runtime-status] [47030] Resolved module firebase-admin {\"declared\":true,\"installed\":true,\"version\":\"9.4.1\",\"resolution\":\"/Users/syed/Documents/Projects/amazon-clone/functions/node_modules/firebase-admin/lib/index.js\"}"}}
[debug] [2020-12-08T18:45:23.746Z] [runtime-status] [47030] Resolved module firebase-functions {"declared":true,"installed":true,"version":"3.13.0","resolution":"/Users/syed/Documents/Projects/amazon-clone/functions/node_modules/firebase-functions/lib/index.js"} {"metadata":{"emulator":{"name":"functions"},"message":"[runtime-status] [47030] Resolved module firebase-functions {\"declared\":true,\"installed\":true,\"version\":\"3.13.0\",\"resolution\":\"/Users/syed/Documents/Projects/amazon-clone/functions/node_modules/firebase-functions/lib/index.js\"}"}}
[debug] [2020-12-08T18:45:23.746Z] [runtime-status] [47030] firebase-admin has been stubbed. {"adminResolution":{"declared":true,"installed":true,"version":"9.4.1","resolution":"/Users/syed/Documents/Projects/amazon-clone/functions/node_modules/firebase-admin/lib/index.js"}} {"metadata":{"emulator":{"name":"functions"},"message":"[runtime-status] [47030] firebase-admin has been stubbed. {\"adminResolution\":{\"declared\":true,\"installed\":true,\"version\":\"9.4.1\",\"resolution\":\"/Users/syed/Documents/Projects/amazon-clone/functions/node_modules/firebase-admin/lib/index.js\"}}"}}
[debug] [2020-12-08T18:45:23.821Z] [worker-~diagnostic~-4a8bd108-2841-4882-930d-2e4f8e59261b]: IDLE {"metadata":{"emulator":{"name":"functions"},"message":"[worker-~diagnostic~-4a8bd108-2841-4882-930d-2e4f8e59261b]: IDLE"}}
[debug] [2020-12-08T18:47:28.425Z] File /Users/syed/Documents/Projects/amazon-clone/functions/index.js changed, reloading triggers {"metadata":{"emulator":{"name":"functions"},"message":"File /Users/syed/Documents/Projects/amazon-clone/functions/index.js changed, reloading triggers"}}
[debug] [2020-12-08T18:47:29.429Z] [worker-pool] Shutting down IDLE worker (~diagnostic~) {"metadata":{"emulator":{"name":"functions"},"message":"[worker-pool] Shutting down IDLE worker (~diagnostic~)"}}
[debug] [2020-12-08T18:47:29.430Z] [worker-~diagnostic~-4a8bd108-2841-4882-930d-2e4f8e59261b]: FINISHING {"metadata":{"emulator":{"name":"functions"},"message":"[worker-~diagnostic~-4a8bd108-2841-4882-930d-2e4f8e59261b]: FINISHING"}}
[debug] [2020-12-08T18:47:29.431Z] [worker-pool] Cleaned up workers for ~diagnostic~: 2 --> 1 {"metadata":{"emulator":{"name":"functions"},"message":"[worker-pool] Cleaned up workers for ~diagnostic~: 2 --> 1"}}
[debug] [2020-12-08T18:47:29.431Z] [worker-pool] Cleaned up workers for api: 1 --> 0 {"metadata":{"emulator":{"name":"functions"},"message":"[worker-pool] Cleaned up workers for api: 1 --> 0"}}
[debug] [2020-12-08T18:47:29.440Z] [worker-pool] addWorker(~diagnostic~) {"metadata":{"emulator":{"name":"functions"},"message":"[worker-pool] addWorker(~diagnostic~)"}}
[debug] [2020-12-08T18:47:29.440Z] [worker-pool] Adding worker with key ~diagnostic~, total=2 {"metadata":{"emulator":{"name":"functions"},"message":"[worker-pool] Adding worker with key ~diagnostic~, total=2"}}
[debug] [2020-12-08T18:47:29.440Z] [worker-pool] submitWork(triggerId=) {"metadata":{"emulator":{"name":"functions"},"message":"[worker-pool] submitWork(triggerId=)"}}
[debug] [2020-12-08T18:47:29.440Z] [worker-~diagnostic~-480c2e35-4e63-49c5-af9f-046dcdd5b69a]: Assigning socketPath: /var/folders/1n/b917k9jx3sv7w5cy50hhyycw0000gn/T/fire_emu_47033.sock {"metadata":{"emulator":{"name":"functions"},"message":"[worker-~diagnostic~-480c2e35-4e63-49c5-af9f-046dcdd5b69a]: Assigning socketPath: /var/folders/1n/b917k9jx3sv7w5cy50hhyycw0000gn/T/fire_emu_47033.sock"}}
[debug] [2020-12-08T18:47:29.440Z] [worker-~diagnostic~-480c2e35-4e63-49c5-af9f-046dcdd5b69a]: BUSY {"metadata":{"emulator":{"name":"functions"},"message":"[worker-~diagnostic~-480c2e35-4e63-49c5-af9f-046dcdd5b69a]: BUSY"}}
[debug] [2020-12-08T18:47:29.442Z] [worker-~diagnostic~-4a8bd108-2841-4882-930d-2e4f8e59261b]: exited {"metadata":{"emulator":{"name":"functions"},"message":"[worker-~diagnostic~-4a8bd108-2841-4882-930d-2e4f8e59261b]: exited"}}
[debug] [2020-12-08T18:47:29.442Z] [worker-~diagnostic~-4a8bd108-2841-4882-930d-2e4f8e59261b]: FINISHED {"metadata":{"emulator":{"name":"functions"},"message":"[worker-~diagnostic~-4a8bd108-2841-4882-930d-2e4f8e59261b]: FINISHED"}}
[debug] [2020-12-08T18:47:29.668Z] [runtime-status] [47033] Functions runtime initialized. {"cwd":"/Users/syed/Documents/Projects/amazon-clone/functions","node_version":"12.0.0"} {"metadata":{"emulator":{"name":"functions"},"message":"[runtime-status] [47033] Functions runtime initialized. {\"cwd\":\"/Users/syed/Documents/Projects/amazon-clone/functions\",\"node_version\":\"12.0.0\"}"}}
[debug] [2020-12-08T18:47:29.670Z] [runtime-status] [47033] Disabled runtime features: undefined {"metadata":{"emulator":{"name":"functions"},"message":"[runtime-status] [47033] Disabled runtime features: undefined"}}
[debug] [2020-12-08T18:47:29.671Z] [runtime-status] [47033] Resolved module firebase-admin {"declared":true,"installed":true,"version":"9.4.1","resolution":"/Users/syed/Documents/Projects/amazon-clone/functions/node_modules/firebase-admin/lib/index.js"} {"metadata":{"emulator":{"name":"functions"},"message":"[runtime-status] [47033] Resolved module firebase-admin {\"declared\":true,\"installed\":true,\"version\":\"9.4.1\",\"resolution\":\"/Users/syed/Documents/Projects/amazon-clone/functions/node_modules/firebase-admin/lib/index.js\"}"}}
[debug] [2020-12-08T18:47:29.672Z] [runtime-status] [47033] Resolved module firebase-functions {"declared":true,"installed":true,"version":"3.13.0","resolution":"/Users/syed/Documents/Projects/amazon-clone/functions/node_modules/firebase-functions/lib/index.js"} {"metadata":{"emulator":{"name":"functions"},"message":"[runtime-status] [47033] Resolved module firebase-functions {\"declared\":true,\"installed\":true,\"version\":\"3.13.0\",\"resolution\":\"/Users/syed/Documents/Projects/amazon-clone/functions/node_modules/firebase-functions/lib/index.js\"}"}}
[debug] [2020-12-08T18:47:29.672Z] [runtime-status] [47033] Resolved module firebase-functions {"declared":true,"installed":true,"version":"3.13.0","resolution":"/Users/syed/Documents/Projects/amazon-clone/functions/node_modules/firebase-functions/lib/index.js"} {"metadata":{"emulator":{"name":"functions"},"message":"[runtime-status] [47033] Resolved module firebase-functions {\"declared\":true,\"installed\":true,\"version\":\"3.13.0\",\"resolution\":\"/Users/syed/Documents/Projects/amazon-clone/functions/node_modules/firebase-functions/lib/index.js\"}"}}
[debug] [2020-12-08T18:47:29.674Z] [runtime-status] [47033] Outgoing network have been stubbed. [{"name":"http","status":"mocked"},{"name":"http","status":"mocked"},{"name":"https","status":"mocked"},{"name":"https","status":"mocked"},{"name":"net","status":"mocked"}] {"metadata":{"emulator":{"name":"functions"},"message":"[runtime-status] [47033] Outgoing network have been stubbed. [{\"name\":\"http\",\"status\":\"mocked\"},{\"name\":\"http\",\"status\":\"mocked\"},{\"name\":\"https\",\"status\":\"mocked\"},{\"name\":\"https\",\"status\":\"mocked\"},{\"name\":\"net\",\"status\":\"mocked\"}]"}}
[debug] [2020-12-08T18:47:29.675Z] [runtime-status] [47033] Resolved module firebase-functions {"declared":true,"installed":true,"version":"3.13.0","resolution":"/Users/syed/Documents/Projects/amazon-clone/functions/node_modules/firebase-functions/lib/index.js"} {"metadata":{"emulator":{"name":"functions"},"message":"[runtime-status] [47033] Resolved module firebase-functions {\"declared\":true,\"installed\":true,\"version\":\"3.13.0\",\"resolution\":\"/Users/syed/Documents/Projects/amazon-clone/functions/node_modules/firebase-functions/lib/index.js\"}"}}
[debug] [2020-12-08T18:47:29.701Z] [runtime-status] [47033] Checked functions.config() {"config":{}} {"metadata":{"emulator":{"name":"functions"},"message":"[runtime-status] [47033] Checked functions.config() {\"config\":{}}"}}
[debug] [2020-12-08T18:47:29.701Z] [runtime-status] [47033] firebase-functions has been stubbed. {"functionsResolution":{"declared":true,"installed":true,"version":"3.13.0","resolution":"/Users/syed/Documents/Projects/amazon-clone/functions/node_modules/firebase-functions/lib/index.js"}} {"metadata":{"emulator":{"name":"functions"},"message":"[runtime-status] [47033] firebase-functions has been stubbed. {\"functionsResolution\":{\"declared\":true,\"installed\":true,\"version\":\"3.13.0\",\"resolution\":\"/Users/syed/Documents/Projects/amazon-clone/functions/node_modules/firebase-functions/lib/index.js\"}}"}}
[debug] [2020-12-08T18:47:29.701Z] [runtime-status] [47033] Resolved module firebase-functions {"declared":true,"installed":true,"version":"3.13.0","resolution":"/Users/syed/Documents/Projects/amazon-clone/functions/node_modules/firebase-functions/lib/index.js"} {"metadata":{"emulator":{"name":"functions"},"message":"[runtime-status] [47033] Resolved module firebase-functions {\"declared\":true,\"installed\":true,\"version\":\"3.13.0\",\"resolution\":\"/Users/syed/Documents/Projects/amazon-clone/functions/node_modules/firebase-functions/lib/index.js\"}"}}
[debug] [2020-12-08T18:47:29.702Z] [runtime-status] [47033] Resolved module firebase-admin {"declared":true,"installed":true,"version":"9.4.1","resolution":"/Users/syed/Documents/Projects/amazon-clone/functions/node_modules/firebase-admin/lib/index.js"} {"metadata":{"emulator":{"name":"functions"},"message":"[runtime-status] [47033] Resolved module firebase-admin {\"declared\":true,\"installed\":true,\"version\":\"9.4.1\",\"resolution\":\"/Users/syed/Documents/Projects/amazon-clone/functions/node_modules/firebase-admin/lib/index.js\"}"}}
[debug] [2020-12-08T18:47:29.702Z] [runtime-status] [47033] Resolved module firebase-functions {"declared":true,"installed":true,"version":"3.13.0","resolution":"/Users/syed/Documents/Projects/amazon-clone/functions/node_modules/firebase-functions/lib/index.js"} {"metadata":{"emulator":{"name":"functions"},"message":"[runtime-status] [47033] Resolved module firebase-functions {\"declared\":true,\"installed\":true,\"version\":\"3.13.0\",\"resolution\":\"/Users/syed/Documents/Projects/amazon-clone/functions/node_modules/firebase-functions/lib/index.js\"}"}}
[debug] [2020-12-08T18:47:29.703Z] [runtime-status] [47033] firebase-admin has been stubbed. {"adminResolution":{"declared":true,"installed":true,"version":"9.4.1","resolution":"/Users/syed/Documents/Projects/amazon-clone/functions/node_modules/firebase-admin/lib/index.js"}} {"metadata":{"emulator":{"name":"functions"},"message":"[runtime-status] [47033] firebase-admin has been stubbed. {\"adminResolution\":{\"declared\":true,\"installed\":true,\"version\":\"9.4.1\",\"resolution\":\"/Users/syed/Documents/Projects/amazon-clone/functions/node_modules/firebase-admin/lib/index.js\"}}"}}
[debug] [2020-12-08T18:47:29.771Z] [worker-~diagnostic~-480c2e35-4e63-49c5-af9f-046dcdd5b69a]: IDLE {"metadata":{"emulator":{"name":"functions"},"message":"[worker-~diagnostic~-480c2e35-4e63-49c5-af9f-046dcdd5b69a]: IDLE"}}
[debug] [2020-12-08T18:52:53.349Z] File /Users/syed/Documents/Projects/amazon-clone/functions/index.js changed, reloading triggers {"metadata":{"emulator":{"name":"functions"},"message":"File /Users/syed/Documents/Projects/amazon-clone/functions/index.js changed, reloading triggers"}}
[debug] [2020-12-08T18:52:54.353Z] [worker-pool] Shutting down IDLE worker (~diagnostic~) {"metadata":{"emulator":{"name":"functions"},"message":"[worker-pool] Shutting down IDLE worker (~diagnostic~)"}}
[debug] [2020-12-08T18:52:54.354Z] [worker-~diagnostic~-480c2e35-4e63-49c5-af9f-046dcdd5b69a]: FINISHING {"metadata":{"emulator":{"name":"functions"},"message":"[worker-~diagnostic~-480c2e35-4e63-49c5-af9f-046dcdd5b69a]: FINISHING"}}
[debug] [2020-12-08T18:52:54.354Z] [worker-pool] Cleaned up workers for ~diagnostic~: 2 --> 1 {"metadata":{"emulator":{"name":"functions"},"message":"[worker-pool] Cleaned up workers for ~diagnostic~: 2 --> 1"}}
[debug] [2020-12-08T18:52:54.358Z] [worker-pool] addWorker(~diagnostic~) {"metadata":{"emulator":{"name":"functions"},"message":"[worker-pool] addWorker(~diagnostic~)"}}
[debug] [2020-12-08T18:52:54.359Z] [worker-pool] Adding worker with key ~diagnostic~, total=2 {"metadata":{"emulator":{"name":"functions"},"message":"[worker-pool] Adding worker with key ~diagnostic~, total=2"}}
[debug] [2020-12-08T18:52:54.359Z] [worker-pool] submitWork(triggerId=) {"metadata":{"emulator":{"name":"functions"},"message":"[worker-pool] submitWork(triggerId=)"}}
[debug] [2020-12-08T18:52:54.359Z] [worker-~diagnostic~-7e7c312b-3e4c-4a14-8e14-915c7c601cfc]: Assigning socketPath: /var/folders/1n/b917k9jx3sv7w5cy50hhyycw0000gn/T/fire_emu_47066.sock {"metadata":{"emulator":{"name":"functions"},"message":"[worker-~diagnostic~-7e7c312b-3e4c-4a14-8e14-915c7c601cfc]: Assigning socketPath: /var/folders/1n/b917k9jx3sv7w5cy50hhyycw0000gn/T/fire_emu_47066.sock"}}
[debug] [2020-12-08T18:52:54.359Z] [worker-~diagnostic~-7e7c312b-3e4c-4a14-8e14-915c7c601cfc]: BUSY {"metadata":{"emulator":{"name":"functions"},"message":"[worker-~diagnostic~-7e7c312b-3e4c-4a14-8e14-915c7c601cfc]: BUSY"}}
[debug] [2020-12-08T18:52:54.361Z] [worker-~diagnostic~-480c2e35-4e63-49c5-af9f-046dcdd5b69a]: exited {"metadata":{"emulator":{"name":"functions"},"message":"[worker-~diagnostic~-480c2e35-4e63-49c5-af9f-046dcdd5b69a]: exited"}}
[debug] [2020-12-08T18:52:54.361Z] [worker-~diagnostic~-480c2e35-4e63-49c5-af9f-046dcdd5b69a]: FINISHED {"metadata":{"emulator":{"name":"functions"},"message":"[worker-~diagnostic~-480c2e35-4e63-49c5-af9f-046dcdd5b69a]: FINISHED"}}
[debug] [2020-12-08T18:52:54.923Z] [runtime-status] [47066] Functions runtime initialized. {"cwd":"/Users/syed/Documents/Projects/amazon-clone/functions","node_version":"12.0.0"} {"metadata":{"emulator":{"name":"functions"},"message":"[runtime-status] [47066] Functions runtime initialized. {\"cwd\":\"/Users/syed/Documents/Projects/amazon-clone/functions\",\"node_version\":\"12.0.0\"}"}}
[debug] [2020-12-08T18:52:54.924Z] [runtime-status] [47066] Disabled runtime features: undefined {"metadata":{"emulator":{"name":"functions"},"message":"[runtime-status] [47066] Disabled runtime features: undefined"}}
[debug] [2020-12-08T18:52:54.928Z] [runtime-status] [47066] Resolved module firebase-admin {"declared":true,"installed":true,"version":"9.4.1","resolution":"/Users/syed/Documents/Projects/amazon-clone/functions/node_modules/firebase-admin/lib/index.js"} {"metadata":{"emulator":{"name":"functions"},"message":"[runtime-status] [47066] Resolved module firebase-admin {\"declared\":true,\"installed\":true,\"version\":\"9.4.1\",\"resolution\":\"/Users/syed/Documents/Projects/amazon-clone/functions/node_modules/firebase-admin/lib/index.js\"}"}}
[debug] [2020-12-08T18:52:54.929Z] [runtime-status] [47066] Resolved module firebase-functions {"declared":true,"installed":true,"version":"3.13.0","resolution":"/Users/syed/Documents/Projects/amazon-clone/functions/node_modules/firebase-functions/lib/index.js"} {"metadata":{"emulator":{"name":"functions"},"message":"[runtime-status] [47066] Resolved module firebase-functions {\"declared\":true,\"installed\":true,\"version\":\"3.13.0\",\"resolution\":\"/Users/syed/Documents/Projects/amazon-clone/functions/node_modules/firebase-functions/lib/index.js\"}"}}
[debug] [2020-12-08T18:52:54.930Z] [runtime-status] [47066] Resolved module firebase-functions {"declared":true,"installed":true,"version":"3.13.0","resolution":"/Users/syed/Documents/Projects/amazon-clone/functions/node_modules/firebase-functions/lib/index.js"} {"metadata":{"emulator":{"name":"functions"},"message":"[runtime-status] [47066] Resolved module firebase-functions {\"declared\":true,\"installed\":true,\"version\":\"3.13.0\",\"resolution\":\"/Users/syed/Documents/Projects/amazon-clone/functions/node_modules/firebase-functions/lib/index.js\"}"}}
[debug] [2020-12-08T18:52:54.931Z] [runtime-status] [47066] Outgoing network have been stubbed. [{"name":"http","status":"mocked"},{"name":"http","status":"mocked"},{"name":"https","status":"mocked"},{"name":"https","status":"mocked"},{"name":"net","status":"mocked"}] {"metadata":{"emulator":{"name":"functions"},"message":"[runtime-status] [47066] Outgoing network have been stubbed. [{\"name\":\"http\",\"status\":\"mocked\"},{\"name\":\"http\",\"status\":\"mocked\"},{\"name\":\"https\",\"status\":\"mocked\"},{\"name\":\"https\",\"status\":\"mocked\"},{\"name\":\"net\",\"status\":\"mocked\"}]"}}
[debug] [2020-12-08T18:52:54.932Z] [runtime-status] [47066] Resolved module firebase-functions {"declared":true,"installed":true,"version":"3.13.0","resolution":"/Users/syed/Documents/Projects/amazon-clone/functions/node_modules/firebase-functions/lib/index.js"} {"metadata":{"emulator":{"name":"functions"},"message":"[runtime-status] [47066] Resolved module firebase-functions {\"declared\":true,\"installed\":true,\"version\":\"3.13.0\",\"resolution\":\"/Users/syed/Documents/Projects/amazon-clone/functions/node_modules/firebase-functions/lib/index.js\"}"}}
[debug] [2020-12-08T18:52:54.995Z] [runtime-status] [47066] Checked functions.config() {"config":{}} {"metadata":{"emulator":{"name":"functions"},"message":"[runtime-status] [47066] Checked functions.config() {\"config\":{}}"}}
[debug] [2020-12-08T18:52:54.995Z] [runtime-status] [47066] firebase-functions has been stubbed. {"functionsResolution":{"declared":true,"installed":true,"version":"3.13.0","resolution":"/Users/syed/Documents/Projects/amazon-clone/functions/node_modules/firebase-functions/lib/index.js"}} {"metadata":{"emulator":{"name":"functions"},"message":"[runtime-status] [47066] firebase-functions has been stubbed. {\"functionsResolution\":{\"declared\":true,\"installed\":true,\"version\":\"3.13.0\",\"resolution\":\"/Users/syed/Documents/Projects/amazon-clone/functions/node_modules/firebase-functions/lib/index.js\"}}"}}
[debug] [2020-12-08T18:52:54.995Z] [runtime-status] [47066] Resolved module firebase-functions {"declared":true,"installed":true,"version":"3.13.0","resolution":"/Users/syed/Documents/Projects/amazon-clone/functions/node_modules/firebase-functions/lib/index.js"} {"metadata":{"emulator":{"name":"functions"},"message":"[runtime-status] [47066] Resolved module firebase-functions {\"declared\":true,\"installed\":true,\"version\":\"3.13.0\",\"resolution\":\"/Users/syed/Documents/Projects/amazon-clone/functions/node_modules/firebase-functions/lib/index.js\"}"}}
[debug] [2020-12-08T18:52:54.996Z] [runtime-status] [47066] Resolved module firebase-admin {"declared":true,"installed":true,"version":"9.4.1","resolution":"/Users/syed/Documents/Projects/amazon-clone/functions/node_modules/firebase-admin/lib/index.js"} {"metadata":{"emulator":{"name":"functions"},"message":"[runtime-status] [47066] Resolved module firebase-admin {\"declared\":true,\"installed\":true,\"version\":\"9.4.1\",\"resolution\":\"/Users/syed/Documents/Projects/amazon-clone/functions/node_modules/firebase-admin/lib/index.js\"}"}}
[debug] [2020-12-08T18:52:54.996Z] [runtime-status] [47066] Resolved module firebase-functions {"declared":true,"installed":true,"version":"3.13.0","resolution":"/Users/syed/Documents/Projects/amazon-clone/functions/node_modules/firebase-functions/lib/index.js"} {"metadata":{"emulator":{"name":"functions"},"message":"[runtime-status] [47066] Resolved module firebase-functions {\"declared\":true,\"installed\":true,\"version\":\"3.13.0\",\"resolution\":\"/Users/syed/Documents/Projects/amazon-clone/functions/node_modules/firebase-functions/lib/index.js\"}"}}
[debug] [2020-12-08T18:52:54.997Z] [runtime-status] [47066] firebase-admin has been stubbed. {"adminResolution":{"declared":true,"installed":true,"version":"9.4.1","resolution":"/Users/syed/Documents/Projects/amazon-clone/functions/node_modules/firebase-admin/lib/index.js"}} {"metadata":{"emulator":{"name":"functions"},"message":"[runtime-status] [47066] firebase-admin has been stubbed. {\"adminResolution\":{\"declared\":true,\"installed\":true,\"version\":\"9.4.1\",\"resolution\":\"/Users/syed/Documents/Projects/amazon-clone/functions/node_modules/firebase-admin/lib/index.js\"}}"}}
[warn] ⚠  /Users/syed/Documents/Projects/amazon-clone/functions/index.js:22
  console.log("Payment REquesT Receevied for this " = total)
              ^^^^^^^^^^^^^^^^^^^^^^^^^^^^^^^^^^^^^

ReferenceError: Invalid left-hand side in assignment
    at Module._compile (internal/modules/cjs/loader.js:703:23)
    at Object.Module._extensions..js (internal/modules/cjs/loader.js:770:10)
    at Module.load (internal/modules/cjs/loader.js:628:32)
    at Function.Module._load (internal/modules/cjs/loader.js:555:12)
    at Module.require (internal/modules/cjs/loader.js:666:19)
    at require (internal/modules/cjs/helpers.js:16:16)
    at /Users/syed/.nvm/versions/node/v12.0.0/lib/node_modules/firebase-tools/lib/emulator/functionsEmulatorRuntime.js:706:33
    at Generator.next (<anonymous>)
    at fulfilled (/Users/syed/.nvm/versions/node/v12.0.0/lib/node_modules/firebase-tools/lib/emulator/functionsEmulatorRuntime.js:5:58)
    at processTicksAndRejections (internal/process/task_queues.js:88:5) {"metadata":{"emulator":{"name":"functions"},"message":"/Users/syed/Documents/Projects/amazon-clone/functions/index.js:22\n  console.log(\"Payment REquesT Receevied for this \" = total)\n              ^^^^^^^^^^^^^^^^^^^^^^^^^^^^^^^^^^^^^\n\nReferenceError: Invalid left-hand side in assignment\n    at Module._compile (internal/modules/cjs/loader.js:703:23)\n    at Object.Module._extensions..js (internal/modules/cjs/loader.js:770:10)\n    at Module.load (internal/modules/cjs/loader.js:628:32)\n    at Function.Module._load (internal/modules/cjs/loader.js:555:12)\n    at Module.require (internal/modules/cjs/loader.js:666:19)\n    at require (internal/modules/cjs/helpers.js:16:16)\n    at /Users/syed/.nvm/versions/node/v12.0.0/lib/node_modules/firebase-tools/lib/emulator/functionsEmulatorRuntime.js:706:33\n    at Generator.next (<anonymous>)\n    at fulfilled (/Users/syed/.nvm/versions/node/v12.0.0/lib/node_modules/firebase-tools/lib/emulator/functionsEmulatorRuntime.js:5:58)\n    at processTicksAndRejections (internal/process/task_queues.js:88:5)"}}
[warn] ⚠  We were unable to load your functions code. (see above) {"metadata":{"emulator":{"name":"functions"}}}
[debug] [2020-12-08T18:52:55.017Z] [worker-~diagnostic~-7e7c312b-3e4c-4a14-8e14-915c7c601cfc]: exited {"metadata":{"emulator":{"name":"functions"},"message":"[worker-~diagnostic~-7e7c312b-3e4c-4a14-8e14-915c7c601cfc]: exited"}}
[debug] [2020-12-08T18:52:55.017Z] [worker-~diagnostic~-7e7c312b-3e4c-4a14-8e14-915c7c601cfc]: FINISHED {"metadata":{"emulator":{"name":"functions"},"message":"[worker-~diagnostic~-7e7c312b-3e4c-4a14-8e14-915c7c601cfc]: FINISHED"}}
